2023-11-14 12:16:12 - INFO - saving to ./results/int-vgg-small-7
2023-11-14 12:16:12 - INFO - run arguments: Namespace(batch_size=256, data_dir='./cifar10', depth=7, epochs=200, init=None, log_interval=100, save='int-vgg-small-7', save_all=False, seed=-1, workers=8)
2023-11-14 12:16:12 - INFO - ACT rounding: RoundShift
2023-11-14 12:16:12 - INFO - ERROR rounding: RoundShift
2023-11-14 12:16:12 - INFO - GRAD rounding: PstoShift
2023-11-14 12:16:12 - INFO - Weight Init: UniformWeights
2023-11-14 12:16:12 - INFO - random seed: None
2023-11-14 12:16:12 - INFO - Create integer model
2023-11-14 12:16:13 - INFO - training regime: [{'epoch': 0, 'gb': 5}, {'epoch': 100, 'gb': 4}, {'epoch': 150, 'gb': 3}]
2023-11-14 12:16:14 - INFO - Change Grad Bitwidth to : 5
2023-11-14 12:16:16 - INFO - [0][  0/196] Time 1.487 (1.487) Data 0.28 loss 2.579 (2.579) @1 5.859 (5.859) ETA 0 D 16.2 H
2023-11-14 12:16:22 - INFO - [0][100/196] Time 0.064 (0.080) Data 0.00 loss 2.021 (2.315) @1 25.781 (18.514) ETA 0 D 0.9 H
2023-11-14 12:16:30 - INFO - best_prec1: 35.290000 ./results/int-vgg-small-7
2023-11-14 12:16:30 - INFO - Epoch: 0 Train Prec@1 22.846 Train Loss 2.191 Valid Prec@1 35.290 Valid Loss 1.796 

2023-11-14 12:16:30 - INFO - [1][  0/196] Time 0.305 (0.305) Data 0.24 loss 1.845 (1.845) @1 31.250 (31.250) ETA 0 D 3.3 H
2023-11-14 12:16:37 - INFO - [1][100/196] Time 0.064 (0.068) Data 0.00 loss 2.119 (1.880) @1 38.281 (32.464) ETA 0 D 0.7 H
2023-11-14 12:16:44 - INFO - best_prec1: 37.600000 ./results/int-vgg-small-7
2023-11-14 12:16:44 - INFO - Epoch: 1 Train Prec@1 34.444 Train Loss 1.828 Valid Prec@1 37.600 Valid Loss 1.768 

2023-11-14 12:16:45 - INFO - [2][  0/196] Time 0.304 (0.304) Data 0.24 loss 1.787 (1.787) @1 38.672 (38.672) ETA 0 D 3.3 H
2023-11-14 12:16:51 - INFO - [2][100/196] Time 0.068 (0.070) Data 0.00 loss 1.596 (1.666) @1 42.969 (40.486) ETA 0 D 0.7 H
2023-11-14 12:17:00 - INFO - best_prec1: 52.610000 ./results/int-vgg-small-7
2023-11-14 12:17:00 - INFO - Epoch: 2 Train Prec@1 42.074 Train Loss 1.624 Valid Prec@1 52.610 Valid Loss 1.346 

2023-11-14 12:17:00 - INFO - [3][  0/196] Time 0.343 (0.343) Data 0.27 loss 1.523 (1.523) @1 43.750 (43.750) ETA 0 D 3.7 H
2023-11-14 12:17:07 - INFO - [3][100/196] Time 0.070 (0.074) Data 0.00 loss 1.281 (1.513) @1 54.297 (46.067) ETA 0 D 0.8 H
2023-11-14 12:17:15 - INFO - best_prec1: 52.610000 ./results/int-vgg-small-7
2023-11-14 12:17:15 - INFO - Epoch: 3 Train Prec@1 47.482 Train Loss 1.486 Valid Prec@1 52.300 Valid Loss 1.350 

2023-11-14 12:17:15 - INFO - [4][  0/196] Time 0.328 (0.328) Data 0.25 loss 1.348 (1.348) @1 48.828 (48.828) ETA 0 D 3.5 H
2023-11-14 12:17:22 - INFO - [4][100/196] Time 0.071 (0.072) Data 0.00 loss 1.261 (1.387) @1 55.078 (52.034) ETA 0 D 0.8 H
2023-11-14 12:17:30 - INFO - best_prec1: 54.860000 ./results/int-vgg-small-7
2023-11-14 12:17:30 - INFO - Epoch: 4 Train Prec@1 53.640 Train Loss 1.339 Valid Prec@1 54.860 Valid Loss 1.254 

2023-11-14 12:17:31 - INFO - [5][  0/196] Time 0.329 (0.329) Data 0.26 loss 1.318 (1.318) @1 51.172 (51.172) ETA 0 D 3.5 H
2023-11-14 12:17:38 - INFO - [5][100/196] Time 0.071 (0.073) Data 0.00 loss 1.170 (1.229) @1 60.156 (57.221) ETA 0 D 0.8 H
2023-11-14 12:17:46 - INFO - best_prec1: 65.630000 ./results/int-vgg-small-7
2023-11-14 12:17:46 - INFO - Epoch: 5 Train Prec@1 58.170 Train Loss 1.203 Valid Prec@1 65.630 Valid Loss 1.019 

2023-11-14 12:17:46 - INFO - [6][  0/196] Time 0.333 (0.333) Data 0.26 loss 1.035 (1.035) @1 63.672 (63.672) ETA 0 D 3.5 H
2023-11-14 12:17:53 - INFO - [6][100/196] Time 0.071 (0.072) Data 0.00 loss 1.179 (1.141) @1 60.938 (60.245) ETA 0 D 0.8 H
2023-11-14 12:18:01 - INFO - best_prec1: 65.750000 ./results/int-vgg-small-7
2023-11-14 12:18:01 - INFO - Epoch: 6 Train Prec@1 61.088 Train Loss 1.120 Valid Prec@1 65.750 Valid Loss 0.978 

2023-11-14 12:18:01 - INFO - [7][  0/196] Time 0.340 (0.340) Data 0.27 loss 1.206 (1.206) @1 55.859 (55.859) ETA 0 D 3.6 H
2023-11-14 12:18:09 - INFO - [7][100/196] Time 0.073 (0.074) Data 0.00 loss 1.012 (1.075) @1 63.672 (62.968) ETA 0 D 0.8 H
2023-11-14 12:18:17 - INFO - best_prec1: 68.530000 ./results/int-vgg-small-7
2023-11-14 12:18:17 - INFO - Epoch: 7 Train Prec@1 63.760 Train Loss 1.051 Valid Prec@1 68.530 Valid Loss 0.918 

2023-11-14 12:18:17 - INFO - [8][  0/196] Time 0.329 (0.329) Data 0.25 loss 1.002 (1.002) @1 64.453 (64.453) ETA 0 D 3.4 H
2023-11-14 12:18:24 - INFO - [8][100/196] Time 0.065 (0.072) Data 0.00 loss 0.904 (0.986) @1 66.016 (65.787) ETA 0 D 0.7 H
2023-11-14 12:18:32 - INFO - best_prec1: 70.200000 ./results/int-vgg-small-7
2023-11-14 12:18:32 - INFO - Epoch: 8 Train Prec@1 66.062 Train Loss 0.983 Valid Prec@1 70.200 Valid Loss 0.876 

2023-11-14 12:18:32 - INFO - [9][  0/196] Time 0.311 (0.311) Data 0.24 loss 1.008 (1.008) @1 62.891 (62.891) ETA 0 D 3.2 H
2023-11-14 12:18:38 - INFO - [9][100/196] Time 0.065 (0.068) Data 0.00 loss 1.076 (0.954) @1 64.062 (67.744) ETA 0 D 0.7 H
2023-11-14 12:18:46 - INFO - best_prec1: 71.400000 ./results/int-vgg-small-7
2023-11-14 12:18:46 - INFO - Epoch: 9 Train Prec@1 68.284 Train Loss 0.934 Valid Prec@1 71.400 Valid Loss 0.846 

2023-11-14 12:18:46 - INFO - [10][  0/196] Time 0.334 (0.334) Data 0.26 loss 0.797 (0.797) @1 70.703 (70.703) ETA 0 D 3.5 H
2023-11-14 12:18:53 - INFO - [10][100/196] Time 0.065 (0.068) Data 0.00 loss 1.004 (0.896) @1 69.141 (69.218) ETA 0 D 0.7 H
2023-11-14 12:19:00 - INFO - best_prec1: 74.820000 ./results/int-vgg-small-7
2023-11-14 12:19:00 - INFO - Epoch: 10 Train Prec@1 69.576 Train Loss 0.888 Valid Prec@1 74.820 Valid Loss 0.755 

2023-11-14 12:19:00 - INFO - [11][  0/196] Time 0.327 (0.327) Data 0.26 loss 0.682 (0.682) @1 78.516 (78.516) ETA 0 D 3.4 H
2023-11-14 12:19:07 - INFO - [11][100/196] Time 0.065 (0.068) Data 0.00 loss 0.905 (0.850) @1 67.188 (71.098) ETA 0 D 0.7 H
2023-11-14 12:19:14 - INFO - best_prec1: 74.820000 ./results/int-vgg-small-7
2023-11-14 12:19:14 - INFO - Epoch: 11 Train Prec@1 71.092 Train Loss 0.842 Valid Prec@1 70.280 Valid Loss 0.919 

2023-11-14 12:19:15 - INFO - [12][  0/196] Time 0.328 (0.328) Data 0.26 loss 0.883 (0.883) @1 69.141 (69.141) ETA 0 D 3.4 H
2023-11-14 12:19:21 - INFO - [12][100/196] Time 0.065 (0.067) Data 0.00 loss 0.799 (0.815) @1 74.219 (72.304) ETA 0 D 0.7 H
2023-11-14 12:19:29 - INFO - best_prec1: 76.990000 ./results/int-vgg-small-7
2023-11-14 12:19:29 - INFO - Epoch: 12 Train Prec@1 72.678 Train Loss 0.805 Valid Prec@1 76.990 Valid Loss 0.728 

2023-11-14 12:19:29 - INFO - [13][  0/196] Time 0.310 (0.310) Data 0.24 loss 0.764 (0.764) @1 73.047 (73.047) ETA 0 D 3.2 H
2023-11-14 12:19:35 - INFO - [13][100/196] Time 0.065 (0.067) Data 0.00 loss 0.770 (0.770) @1 71.094 (73.523) ETA 0 D 0.7 H
2023-11-14 12:19:43 - INFO - best_prec1: 76.990000 ./results/int-vgg-small-7
2023-11-14 12:19:43 - INFO - Epoch: 13 Train Prec@1 73.466 Train Loss 0.774 Valid Prec@1 76.310 Valid Loss 0.717 

2023-11-14 12:19:43 - INFO - [14][  0/196] Time 0.304 (0.304) Data 0.23 loss 0.725 (0.725) @1 76.953 (76.953) ETA 0 D 3.1 H
2023-11-14 12:19:50 - INFO - [14][100/196] Time 0.065 (0.067) Data 0.00 loss 0.660 (0.761) @1 76.562 (73.987) ETA 0 D 0.7 H
2023-11-14 12:19:57 - INFO - best_prec1: 76.990000 ./results/int-vgg-small-7
2023-11-14 12:19:57 - INFO - Epoch: 14 Train Prec@1 74.234 Train Loss 0.756 Valid Prec@1 74.980 Valid Loss 0.766 

2023-11-14 12:19:57 - INFO - [15][  0/196] Time 0.325 (0.325) Data 0.26 loss 0.807 (0.807) @1 71.484 (71.484) ETA 0 D 3.3 H
2023-11-14 12:20:04 - INFO - [15][100/196] Time 0.065 (0.068) Data 0.00 loss 0.742 (0.730) @1 73.047 (75.491) ETA 0 D 0.7 H
2023-11-14 12:20:11 - INFO - best_prec1: 76.990000 ./results/int-vgg-small-7
2023-11-14 12:20:11 - INFO - Epoch: 15 Train Prec@1 75.330 Train Loss 0.729 Valid Prec@1 71.820 Valid Loss 0.828 

2023-11-14 12:20:12 - INFO - [16][  0/196] Time 0.305 (0.305) Data 0.24 loss 0.711 (0.711) @1 74.609 (74.609) ETA 0 D 3.1 H
2023-11-14 12:20:18 - INFO - [16][100/196] Time 0.065 (0.067) Data 0.00 loss 0.739 (0.699) @1 74.609 (76.226) ETA 0 D 0.7 H
2023-11-14 12:20:25 - INFO - best_prec1: 77.270000 ./results/int-vgg-small-7
2023-11-14 12:20:25 - INFO - Epoch: 16 Train Prec@1 76.304 Train Loss 0.694 Valid Prec@1 77.270 Valid Loss 0.695 

2023-11-14 12:20:26 - INFO - [17][  0/196] Time 0.312 (0.312) Data 0.24 loss 0.689 (0.689) @1 78.125 (78.125) ETA 0 D 3.1 H
2023-11-14 12:20:32 - INFO - [17][100/196] Time 0.065 (0.067) Data 0.00 loss 0.619 (0.678) @1 80.859 (76.895) ETA 0 D 0.7 H
2023-11-14 12:20:40 - INFO - best_prec1: 79.870000 ./results/int-vgg-small-7
2023-11-14 12:20:40 - INFO - Epoch: 17 Train Prec@1 76.994 Train Loss 0.679 Valid Prec@1 79.870 Valid Loss 0.613 

2023-11-14 12:20:40 - INFO - [18][  0/196] Time 0.310 (0.310) Data 0.24 loss 0.549 (0.549) @1 80.859 (80.859) ETA 0 D 3.1 H
2023-11-14 12:20:46 - INFO - [18][100/196] Time 0.065 (0.067) Data 0.00 loss 0.557 (0.652) @1 82.812 (77.645) ETA 0 D 0.7 H
2023-11-14 12:20:54 - INFO - best_prec1: 79.870000 ./results/int-vgg-small-7
2023-11-14 12:20:54 - INFO - Epoch: 18 Train Prec@1 77.624 Train Loss 0.655 Valid Prec@1 77.100 Valid Loss 0.704 

2023-11-14 12:20:54 - INFO - [19][  0/196] Time 0.310 (0.310) Data 0.24 loss 0.837 (0.837) @1 71.875 (71.875) ETA 0 D 3.1 H
2023-11-14 12:21:01 - INFO - [19][100/196] Time 0.065 (0.067) Data 0.00 loss 0.512 (0.643) @1 78.906 (78.423) ETA 0 D 0.7 H
2023-11-14 12:21:08 - INFO - best_prec1: 79.870000 ./results/int-vgg-small-7
2023-11-14 12:21:08 - INFO - Epoch: 19 Train Prec@1 78.492 Train Loss 0.637 Valid Prec@1 79.270 Valid Loss 0.611 

2023-11-14 12:21:08 - INFO - [20][  0/196] Time 0.317 (0.317) Data 0.25 loss 0.607 (0.607) @1 79.688 (79.688) ETA 0 D 3.1 H
2023-11-14 12:21:15 - INFO - [20][100/196] Time 0.065 (0.067) Data 0.00 loss 0.578 (0.627) @1 81.250 (78.659) ETA 0 D 0.7 H
2023-11-14 12:21:22 - INFO - best_prec1: 79.870000 ./results/int-vgg-small-7
2023-11-14 12:21:22 - INFO - Epoch: 20 Train Prec@1 78.832 Train Loss 0.620 Valid Prec@1 78.430 Valid Loss 0.652 

2023-11-14 12:21:23 - INFO - [21][  0/196] Time 0.329 (0.329) Data 0.26 loss 0.580 (0.580) @1 80.078 (80.078) ETA 0 D 3.2 H
2023-11-14 12:21:29 - INFO - [21][100/196] Time 0.065 (0.068) Data 0.00 loss 0.599 (0.616) @1 78.516 (79.134) ETA 0 D 0.7 H
2023-11-14 12:21:37 - INFO - best_prec1: 79.870000 ./results/int-vgg-small-7
2023-11-14 12:21:37 - INFO - Epoch: 21 Train Prec@1 79.458 Train Loss 0.609 Valid Prec@1 79.090 Valid Loss 0.627 

2023-11-14 12:21:37 - INFO - [22][  0/196] Time 0.306 (0.306) Data 0.24 loss 0.544 (0.544) @1 80.469 (80.469) ETA 0 D 3.0 H
2023-11-14 12:21:43 - INFO - [22][100/196] Time 0.065 (0.067) Data 0.00 loss 0.590 (0.601) @1 78.906 (79.726) ETA 0 D 0.7 H
2023-11-14 12:21:51 - INFO - best_prec1: 79.870000 ./results/int-vgg-small-7
2023-11-14 12:21:51 - INFO - Epoch: 22 Train Prec@1 79.944 Train Loss 0.587 Valid Prec@1 77.970 Valid Loss 0.654 

2023-11-14 12:21:51 - INFO - [23][  0/196] Time 0.304 (0.304) Data 0.24 loss 0.636 (0.636) @1 77.344 (77.344) ETA 0 D 2.9 H
2023-11-14 12:21:58 - INFO - [23][100/196] Time 0.065 (0.068) Data 0.00 loss 0.516 (0.574) @1 82.812 (80.527) ETA 0 D 0.7 H
2023-11-14 12:22:05 - INFO - best_prec1: 79.870000 ./results/int-vgg-small-7
2023-11-14 12:22:05 - INFO - Epoch: 23 Train Prec@1 80.422 Train Loss 0.575 Valid Prec@1 78.870 Valid Loss 0.630 

2023-11-14 12:22:05 - INFO - [24][  0/196] Time 0.306 (0.306) Data 0.24 loss 0.525 (0.525) @1 83.984 (83.984) ETA 0 D 2.9 H
2023-11-14 12:22:12 - INFO - [24][100/196] Time 0.065 (0.067) Data 0.00 loss 0.528 (0.560) @1 80.469 (80.890) ETA 0 D 0.6 H
2023-11-14 12:22:19 - INFO - best_prec1: 80.530000 ./results/int-vgg-small-7
2023-11-14 12:22:19 - INFO - Epoch: 24 Train Prec@1 81.036 Train Loss 0.557 Valid Prec@1 80.530 Valid Loss 0.587 

2023-11-14 12:22:20 - INFO - [25][  0/196] Time 0.339 (0.339) Data 0.27 loss 0.546 (0.546) @1 81.641 (81.641) ETA 0 D 3.2 H
2023-11-14 12:22:26 - INFO - [25][100/196] Time 0.065 (0.068) Data 0.00 loss 0.705 (0.551) @1 78.516 (81.180) ETA 0 D 0.6 H
2023-11-14 12:22:34 - INFO - best_prec1: 81.750000 ./results/int-vgg-small-7
2023-11-14 12:22:34 - INFO - Epoch: 25 Train Prec@1 81.426 Train Loss 0.547 Valid Prec@1 81.750 Valid Loss 0.543 

2023-11-14 12:22:34 - INFO - [26][  0/196] Time 0.305 (0.305) Data 0.24 loss 0.563 (0.563) @1 80.469 (80.469) ETA 0 D 2.9 H
2023-11-14 12:22:40 - INFO - [26][100/196] Time 0.065 (0.067) Data 0.00 loss 0.664 (0.525) @1 76.953 (82.329) ETA 0 D 0.6 H
2023-11-14 12:22:48 - INFO - best_prec1: 82.070000 ./results/int-vgg-small-7
2023-11-14 12:22:48 - INFO - Epoch: 26 Train Prec@1 82.030 Train Loss 0.535 Valid Prec@1 82.070 Valid Loss 0.547 

2023-11-14 12:22:48 - INFO - [27][  0/196] Time 0.308 (0.308) Data 0.24 loss 0.513 (0.513) @1 82.031 (82.031) ETA 0 D 2.9 H
2023-11-14 12:22:55 - INFO - [27][100/196] Time 0.065 (0.068) Data 0.00 loss 0.517 (0.509) @1 81.641 (82.967) ETA 0 D 0.6 H
2023-11-14 12:23:02 - INFO - best_prec1: 83.570000 ./results/int-vgg-small-7
2023-11-14 12:23:02 - INFO - Epoch: 27 Train Prec@1 82.664 Train Loss 0.516 Valid Prec@1 83.570 Valid Loss 0.504 

2023-11-14 12:23:02 - INFO - [28][  0/196] Time 0.333 (0.333) Data 0.27 loss 0.528 (0.528) @1 80.469 (80.469) ETA 0 D 3.1 H
2023-11-14 12:23:09 - INFO - [28][100/196] Time 0.066 (0.068) Data 0.00 loss 0.524 (0.514) @1 80.078 (82.561) ETA 0 D 0.6 H
2023-11-14 12:23:16 - INFO - best_prec1: 83.570000 ./results/int-vgg-small-7
2023-11-14 12:23:16 - INFO - Epoch: 28 Train Prec@1 82.526 Train Loss 0.515 Valid Prec@1 82.120 Valid Loss 0.551 

2023-11-14 12:23:17 - INFO - [29][  0/196] Time 0.324 (0.324) Data 0.25 loss 0.548 (0.548) @1 78.906 (78.906) ETA 0 D 3.0 H
2023-11-14 12:23:23 - INFO - [29][100/196] Time 0.065 (0.068) Data 0.00 loss 0.530 (0.506) @1 80.078 (82.751) ETA 0 D 0.6 H
2023-11-14 12:23:31 - INFO - best_prec1: 83.570000 ./results/int-vgg-small-7
2023-11-14 12:23:31 - INFO - Epoch: 29 Train Prec@1 82.824 Train Loss 0.505 Valid Prec@1 78.790 Valid Loss 0.623 

2023-11-14 12:23:31 - INFO - [30][  0/196] Time 0.309 (0.309) Data 0.24 loss 0.473 (0.473) @1 83.594 (83.594) ETA 0 D 2.9 H
2023-11-14 12:23:37 - INFO - [30][100/196] Time 0.065 (0.067) Data 0.00 loss 0.439 (0.485) @1 83.984 (83.451) ETA 0 D 0.6 H
2023-11-14 12:23:45 - INFO - best_prec1: 83.570000 ./results/int-vgg-small-7
2023-11-14 12:23:45 - INFO - Epoch: 30 Train Prec@1 83.310 Train Loss 0.491 Valid Prec@1 82.600 Valid Loss 0.530 

2023-11-14 12:23:45 - INFO - [31][  0/196] Time 0.318 (0.318) Data 0.25 loss 0.454 (0.454) @1 84.375 (84.375) ETA 0 D 2.9 H
2023-11-14 12:23:52 - INFO - [31][100/196] Time 0.065 (0.067) Data 0.00 loss 0.390 (0.479) @1 85.547 (83.586) ETA 0 D 0.6 H
2023-11-14 12:23:59 - INFO - best_prec1: 83.570000 ./results/int-vgg-small-7
2023-11-14 12:23:59 - INFO - Epoch: 31 Train Prec@1 83.518 Train Loss 0.485 Valid Prec@1 80.330 Valid Loss 0.574 

2023-11-14 12:23:59 - INFO - [32][  0/196] Time 0.325 (0.325) Data 0.25 loss 0.523 (0.523) @1 82.031 (82.031) ETA 0 D 3.0 H
2023-11-14 12:24:06 - INFO - [32][100/196] Time 0.065 (0.068) Data 0.00 loss 0.450 (0.472) @1 83.984 (83.919) ETA 0 D 0.6 H
2023-11-14 12:24:13 - INFO - best_prec1: 83.570000 ./results/int-vgg-small-7
2023-11-14 12:24:13 - INFO - Epoch: 32 Train Prec@1 83.920 Train Loss 0.475 Valid Prec@1 81.360 Valid Loss 0.570 

2023-11-14 12:24:14 - INFO - [33][  0/196] Time 0.308 (0.308) Data 0.24 loss 0.508 (0.508) @1 82.812 (82.812) ETA 0 D 2.8 H
2023-11-14 12:24:20 - INFO - [33][100/196] Time 0.065 (0.067) Data 0.00 loss 0.394 (0.475) @1 87.109 (83.899) ETA 0 D 0.6 H
2023-11-14 12:24:28 - INFO - best_prec1: 83.570000 ./results/int-vgg-small-7
2023-11-14 12:24:28 - INFO - Epoch: 33 Train Prec@1 83.996 Train Loss 0.472 Valid Prec@1 80.790 Valid Loss 0.597 

2023-11-14 12:24:28 - INFO - [34][  0/196] Time 0.327 (0.327) Data 0.26 loss 0.408 (0.408) @1 85.938 (85.938) ETA 0 D 3.0 H
2023-11-14 12:24:34 - INFO - [34][100/196] Time 0.065 (0.068) Data 0.00 loss 0.461 (0.461) @1 84.766 (84.425) ETA 0 D 0.6 H
2023-11-14 12:24:42 - INFO - best_prec1: 83.760000 ./results/int-vgg-small-7
2023-11-14 12:24:42 - INFO - Epoch: 34 Train Prec@1 84.266 Train Loss 0.465 Valid Prec@1 83.760 Valid Loss 0.493 

2023-11-14 12:24:42 - INFO - [35][  0/196] Time 0.311 (0.311) Data 0.24 loss 0.414 (0.414) @1 88.281 (88.281) ETA 0 D 2.8 H
2023-11-14 12:24:49 - INFO - [35][100/196] Time 0.065 (0.067) Data 0.00 loss 0.348 (0.449) @1 87.109 (84.773) ETA 0 D 0.6 H
2023-11-14 12:24:56 - INFO - best_prec1: 83.760000 ./results/int-vgg-small-7
2023-11-14 12:24:56 - INFO - Epoch: 35 Train Prec@1 84.632 Train Loss 0.453 Valid Prec@1 83.590 Valid Loss 0.490 

2023-11-14 12:24:56 - INFO - [36][  0/196] Time 0.327 (0.327) Data 0.26 loss 0.488 (0.488) @1 80.859 (80.859) ETA 0 D 2.9 H
2023-11-14 12:25:03 - INFO - [36][100/196] Time 0.065 (0.067) Data 0.00 loss 0.400 (0.436) @1 85.547 (85.183) ETA 0 D 0.6 H
2023-11-14 12:25:10 - INFO - best_prec1: 84.000000 ./results/int-vgg-small-7
2023-11-14 12:25:10 - INFO - Epoch: 36 Train Prec@1 84.804 Train Loss 0.446 Valid Prec@1 84.000 Valid Loss 0.492 

2023-11-14 12:25:11 - INFO - [37][  0/196] Time 0.302 (0.302) Data 0.23 loss 0.374 (0.374) @1 87.891 (87.891) ETA 0 D 2.7 H
2023-11-14 12:25:17 - INFO - [37][100/196] Time 0.065 (0.067) Data 0.00 loss 0.587 (0.434) @1 81.641 (85.392) ETA 0 D 0.6 H
2023-11-14 12:25:24 - INFO - best_prec1: 84.000000 ./results/int-vgg-small-7
2023-11-14 12:25:25 - INFO - Epoch: 37 Train Prec@1 85.246 Train Loss 0.436 Valid Prec@1 83.550 Valid Loss 0.502 

2023-11-14 12:25:25 - INFO - [38][  0/196] Time 0.323 (0.323) Data 0.25 loss 0.396 (0.396) @1 87.500 (87.500) ETA 0 D 2.8 H
2023-11-14 12:25:31 - INFO - [38][100/196] Time 0.065 (0.067) Data 0.00 loss 0.413 (0.430) @1 84.766 (85.145) ETA 0 D 0.6 H
2023-11-14 12:25:39 - INFO - best_prec1: 84.000000 ./results/int-vgg-small-7
2023-11-14 12:25:39 - INFO - Epoch: 38 Train Prec@1 85.354 Train Loss 0.429 Valid Prec@1 82.710 Valid Loss 0.531 

2023-11-14 12:25:39 - INFO - [39][  0/196] Time 0.321 (0.321) Data 0.25 loss 0.380 (0.380) @1 87.109 (87.109) ETA 0 D 2.8 H
2023-11-14 12:25:46 - INFO - [39][100/196] Time 0.065 (0.067) Data 0.00 loss 0.454 (0.416) @1 86.719 (86.023) ETA 0 D 0.6 H
2023-11-14 12:25:53 - INFO - best_prec1: 84.120000 ./results/int-vgg-small-7
2023-11-14 12:25:53 - INFO - Epoch: 39 Train Prec@1 85.918 Train Loss 0.416 Valid Prec@1 84.120 Valid Loss 0.491 

2023-11-14 12:25:53 - INFO - [40][  0/196] Time 0.309 (0.309) Data 0.24 loss 0.368 (0.368) @1 87.891 (87.891) ETA 0 D 2.7 H
2023-11-14 12:26:00 - INFO - [40][100/196] Time 0.065 (0.067) Data 0.00 loss 0.518 (0.407) @1 83.203 (86.112) ETA 0 D 0.6 H
2023-11-14 12:26:07 - INFO - best_prec1: 84.120000 ./results/int-vgg-small-7
2023-11-14 12:26:07 - INFO - Epoch: 40 Train Prec@1 86.048 Train Loss 0.410 Valid Prec@1 83.320 Valid Loss 0.514 

2023-11-14 12:26:08 - INFO - [41][  0/196] Time 0.317 (0.317) Data 0.25 loss 0.339 (0.339) @1 90.234 (90.234) ETA 0 D 2.7 H
2023-11-14 12:26:14 - INFO - [41][100/196] Time 0.065 (0.067) Data 0.00 loss 0.432 (0.410) @1 85.938 (86.077) ETA 0 D 0.6 H
2023-11-14 12:26:21 - INFO - best_prec1: 84.310000 ./results/int-vgg-small-7
2023-11-14 12:26:22 - INFO - Epoch: 41 Train Prec@1 86.148 Train Loss 0.411 Valid Prec@1 84.310 Valid Loss 0.474 

2023-11-14 12:26:22 - INFO - [42][  0/196] Time 0.308 (0.308) Data 0.24 loss 0.332 (0.332) @1 88.281 (88.281) ETA 0 D 2.6 H
2023-11-14 12:26:28 - INFO - [42][100/196] Time 0.065 (0.067) Data 0.00 loss 0.303 (0.393) @1 89.844 (86.405) ETA 0 D 0.6 H
2023-11-14 12:26:36 - INFO - best_prec1: 84.310000 ./results/int-vgg-small-7
2023-11-14 12:26:36 - INFO - Epoch: 42 Train Prec@1 86.290 Train Loss 0.402 Valid Prec@1 79.330 Valid Loss 0.629 

2023-11-14 12:26:36 - INFO - [43][  0/196] Time 0.325 (0.325) Data 0.26 loss 0.503 (0.503) @1 82.422 (82.422) ETA 0 D 2.8 H
2023-11-14 12:26:43 - INFO - [43][100/196] Time 0.065 (0.068) Data 0.00 loss 0.427 (0.398) @1 85.156 (86.382) ETA 0 D 0.6 H
2023-11-14 12:26:50 - INFO - best_prec1: 84.310000 ./results/int-vgg-small-7
2023-11-14 12:26:50 - INFO - Epoch: 43 Train Prec@1 86.222 Train Loss 0.403 Valid Prec@1 81.250 Valid Loss 0.587 

2023-11-14 12:26:50 - INFO - [44][  0/196] Time 0.333 (0.333) Data 0.26 loss 0.549 (0.549) @1 82.031 (82.031) ETA 0 D 2.8 H
2023-11-14 12:26:57 - INFO - [44][100/196] Time 0.065 (0.068) Data 0.00 loss 0.353 (0.396) @1 87.500 (86.564) ETA 0 D 0.6 H
2023-11-14 12:27:04 - INFO - best_prec1: 84.310000 ./results/int-vgg-small-7
2023-11-14 12:27:04 - INFO - Epoch: 44 Train Prec@1 86.702 Train Loss 0.394 Valid Prec@1 84.270 Valid Loss 0.492 

2023-11-14 12:27:05 - INFO - [45][  0/196] Time 0.320 (0.320) Data 0.25 loss 0.355 (0.355) @1 90.234 (90.234) ETA 0 D 2.7 H
2023-11-14 12:27:11 - INFO - [45][100/196] Time 0.065 (0.067) Data 0.00 loss 0.320 (0.378) @1 88.281 (86.978) ETA 0 D 0.6 H
2023-11-14 12:27:18 - INFO - best_prec1: 84.310000 ./results/int-vgg-small-7
2023-11-14 12:27:18 - INFO - Epoch: 45 Train Prec@1 86.850 Train Loss 0.385 Valid Prec@1 84.160 Valid Loss 0.486 

2023-11-14 12:27:19 - INFO - [46][  0/196] Time 0.309 (0.309) Data 0.24 loss 0.415 (0.415) @1 87.891 (87.891) ETA 0 D 2.6 H
2023-11-14 12:27:25 - INFO - [46][100/196] Time 0.067 (0.069) Data 0.00 loss 0.440 (0.375) @1 83.984 (87.365) ETA 0 D 0.6 H
2023-11-14 12:27:33 - INFO - best_prec1: 85.370000 ./results/int-vgg-small-7
2023-11-14 12:27:33 - INFO - Epoch: 46 Train Prec@1 87.146 Train Loss 0.381 Valid Prec@1 85.370 Valid Loss 0.459 

2023-11-14 12:27:33 - INFO - [47][  0/196] Time 0.313 (0.313) Data 0.24 loss 0.351 (0.351) @1 87.500 (87.500) ETA 0 D 2.6 H
2023-11-14 12:27:40 - INFO - [47][100/196] Time 0.065 (0.067) Data 0.00 loss 0.442 (0.376) @1 84.375 (87.268) ETA 0 D 0.6 H
2023-11-14 12:27:47 - INFO - best_prec1: 85.370000 ./results/int-vgg-small-7
2023-11-14 12:27:47 - INFO - Epoch: 47 Train Prec@1 87.320 Train Loss 0.376 Valid Prec@1 83.840 Valid Loss 0.514 

2023-11-14 12:27:47 - INFO - [48][  0/196] Time 0.309 (0.309) Data 0.24 loss 0.453 (0.453) @1 83.984 (83.984) ETA 0 D 2.6 H
2023-11-14 12:27:54 - INFO - [48][100/196] Time 0.065 (0.067) Data 0.00 loss 0.554 (0.384) @1 83.203 (86.901) ETA 0 D 0.6 H
2023-11-14 12:28:01 - INFO - best_prec1: 85.370000 ./results/int-vgg-small-7
2023-11-14 12:28:01 - INFO - Epoch: 48 Train Prec@1 87.000 Train Loss 0.381 Valid Prec@1 84.680 Valid Loss 0.478 

2023-11-14 12:28:02 - INFO - [49][  0/196] Time 0.315 (0.315) Data 0.25 loss 0.373 (0.373) @1 87.891 (87.891) ETA 0 D 2.6 H
2023-11-14 12:28:08 - INFO - [49][100/196] Time 0.065 (0.067) Data 0.00 loss 0.261 (0.366) @1 91.016 (87.454) ETA 0 D 0.6 H
2023-11-14 12:28:16 - INFO - best_prec1: 85.370000 ./results/int-vgg-small-7
2023-11-14 12:28:16 - INFO - Epoch: 49 Train Prec@1 87.526 Train Loss 0.365 Valid Prec@1 83.110 Valid Loss 0.539 

2023-11-14 12:28:16 - INFO - [50][  0/196] Time 0.311 (0.311) Data 0.24 loss 0.345 (0.345) @1 87.500 (87.500) ETA 0 D 2.5 H
2023-11-14 12:28:22 - INFO - [50][100/196] Time 0.065 (0.067) Data 0.00 loss 0.394 (0.355) @1 84.375 (87.635) ETA 0 D 0.5 H
2023-11-14 12:28:30 - INFO - best_prec1: 85.370000 ./results/int-vgg-small-7
2023-11-14 12:28:30 - INFO - Epoch: 50 Train Prec@1 87.354 Train Loss 0.367 Valid Prec@1 82.940 Valid Loss 0.513 

2023-11-14 12:28:30 - INFO - [51][  0/196] Time 0.323 (0.323) Data 0.25 loss 0.395 (0.395) @1 87.109 (87.109) ETA 0 D 2.6 H
2023-11-14 12:28:37 - INFO - [51][100/196] Time 0.065 (0.067) Data 0.00 loss 0.385 (0.348) @1 87.500 (88.169) ETA 0 D 0.5 H
2023-11-14 12:28:44 - INFO - best_prec1: 85.370000 ./results/int-vgg-small-7
2023-11-14 12:28:44 - INFO - Epoch: 51 Train Prec@1 87.912 Train Loss 0.351 Valid Prec@1 84.850 Valid Loss 0.467 

2023-11-14 12:28:44 - INFO - [52][  0/196] Time 0.312 (0.312) Data 0.24 loss 0.394 (0.394) @1 85.938 (85.938) ETA 0 D 2.5 H
2023-11-14 12:28:51 - INFO - [52][100/196] Time 0.065 (0.067) Data 0.00 loss 0.351 (0.346) @1 89.844 (88.127) ETA 0 D 0.5 H
2023-11-14 12:28:58 - INFO - best_prec1: 85.370000 ./results/int-vgg-small-7
2023-11-14 12:28:58 - INFO - Epoch: 52 Train Prec@1 87.934 Train Loss 0.355 Valid Prec@1 83.670 Valid Loss 0.528 

2023-11-14 12:28:58 - INFO - [53][  0/196] Time 0.304 (0.304) Data 0.23 loss 0.329 (0.329) @1 88.281 (88.281) ETA 0 D 2.4 H
2023-11-14 12:29:05 - INFO - [53][100/196] Time 0.064 (0.067) Data 0.00 loss 0.386 (0.356) @1 87.500 (87.980) ETA 0 D 0.5 H
2023-11-14 12:29:12 - INFO - best_prec1: 85.560000 ./results/int-vgg-small-7
2023-11-14 12:29:12 - INFO - Epoch: 53 Train Prec@1 87.778 Train Loss 0.361 Valid Prec@1 85.560 Valid Loss 0.460 

2023-11-14 12:29:13 - INFO - [54][  0/196] Time 0.314 (0.314) Data 0.24 loss 0.415 (0.415) @1 86.328 (86.328) ETA 0 D 2.5 H
2023-11-14 12:29:19 - INFO - [54][100/196] Time 0.065 (0.070) Data 0.00 loss 0.415 (0.347) @1 86.719 (88.157) ETA 0 D 0.6 H
2023-11-14 12:29:27 - INFO - best_prec1: 86.790000 ./results/int-vgg-small-7
2023-11-14 12:29:27 - INFO - Epoch: 54 Train Prec@1 88.000 Train Loss 0.355 Valid Prec@1 86.790 Valid Loss 0.418 

2023-11-14 12:29:27 - INFO - [55][  0/196] Time 0.318 (0.318) Data 0.24 loss 0.231 (0.231) @1 90.234 (90.234) ETA 0 D 2.5 H
2023-11-14 12:29:34 - INFO - [55][100/196] Time 0.065 (0.072) Data 0.00 loss 0.461 (0.344) @1 85.156 (88.417) ETA 0 D 0.6 H
2023-11-14 12:29:42 - INFO - best_prec1: 86.790000 ./results/int-vgg-small-7
2023-11-14 12:29:42 - INFO - Epoch: 55 Train Prec@1 88.204 Train Loss 0.347 Valid Prec@1 84.200 Valid Loss 0.499 

2023-11-14 12:29:42 - INFO - [56][  0/196] Time 0.313 (0.313) Data 0.24 loss 0.303 (0.303) @1 88.672 (88.672) ETA 0 D 2.5 H
2023-11-14 12:29:49 - INFO - [56][100/196] Time 0.070 (0.069) Data 0.00 loss 0.341 (0.338) @1 88.281 (88.656) ETA 0 D 0.5 H
2023-11-14 12:29:56 - INFO - best_prec1: 86.790000 ./results/int-vgg-small-7
2023-11-14 12:29:57 - INFO - Epoch: 56 Train Prec@1 88.412 Train Loss 0.343 Valid Prec@1 85.340 Valid Loss 0.472 

2023-11-14 12:29:57 - INFO - [57][  0/196] Time 0.297 (0.297) Data 0.23 loss 0.449 (0.449) @1 88.672 (88.672) ETA 0 D 2.3 H
2023-11-14 12:30:03 - INFO - [57][100/196] Time 0.065 (0.068) Data 0.00 loss 0.298 (0.326) @1 90.234 (88.881) ETA 0 D 0.5 H
2023-11-14 12:30:11 - INFO - best_prec1: 86.790000 ./results/int-vgg-small-7
2023-11-14 12:30:11 - INFO - Epoch: 57 Train Prec@1 88.474 Train Loss 0.336 Valid Prec@1 85.970 Valid Loss 0.458 

2023-11-14 12:30:11 - INFO - [58][  0/196] Time 0.322 (0.322) Data 0.25 loss 0.236 (0.236) @1 90.625 (90.625) ETA 0 D 2.5 H
2023-11-14 12:30:18 - INFO - [58][100/196] Time 0.065 (0.068) Data 0.00 loss 0.382 (0.340) @1 87.109 (88.537) ETA 0 D 0.5 H
2023-11-14 12:30:25 - INFO - best_prec1: 86.790000 ./results/int-vgg-small-7
2023-11-14 12:30:25 - INFO - Epoch: 58 Train Prec@1 88.308 Train Loss 0.342 Valid Prec@1 83.500 Valid Loss 0.553 

2023-11-14 12:30:25 - INFO - [59][  0/196] Time 0.309 (0.309) Data 0.24 loss 0.411 (0.411) @1 85.547 (85.547) ETA 0 D 2.4 H
2023-11-14 12:30:32 - INFO - [59][100/196] Time 0.072 (0.072) Data 0.00 loss 0.327 (0.335) @1 89.453 (88.629) ETA 0 D 0.6 H
2023-11-14 12:30:41 - INFO - best_prec1: 86.790000 ./results/int-vgg-small-7
2023-11-14 12:30:41 - INFO - Epoch: 59 Train Prec@1 88.768 Train Loss 0.328 Valid Prec@1 85.420 Valid Loss 0.482 

2023-11-14 12:30:41 - INFO - [60][  0/196] Time 0.335 (0.335) Data 0.26 loss 0.268 (0.268) @1 91.797 (91.797) ETA 0 D 2.6 H
2023-11-14 12:30:48 - INFO - [60][100/196] Time 0.072 (0.073) Data 0.00 loss 0.464 (0.330) @1 85.156 (88.919) ETA 0 D 0.6 H
2023-11-14 12:30:56 - INFO - best_prec1: 86.790000 ./results/int-vgg-small-7
2023-11-14 12:30:56 - INFO - Epoch: 60 Train Prec@1 88.670 Train Loss 0.334 Valid Prec@1 84.280 Valid Loss 0.492 

2023-11-14 12:30:56 - INFO - [61][  0/196] Time 0.341 (0.341) Data 0.26 loss 0.382 (0.382) @1 86.719 (86.719) ETA 0 D 2.6 H
2023-11-14 12:31:03 - INFO - [61][100/196] Time 0.070 (0.072) Data 0.00 loss 0.299 (0.320) @1 92.188 (89.167) ETA 0 D 0.5 H
2023-11-14 12:31:11 - INFO - best_prec1: 86.790000 ./results/int-vgg-small-7
2023-11-14 12:31:11 - INFO - Epoch: 61 Train Prec@1 89.020 Train Loss 0.326 Valid Prec@1 85.360 Valid Loss 0.461 

2023-11-14 12:31:12 - INFO - [62][  0/196] Time 0.333 (0.333) Data 0.26 loss 0.294 (0.294) @1 89.844 (89.844) ETA 0 D 2.5 H
2023-11-14 12:31:19 - INFO - [62][100/196] Time 0.069 (0.072) Data 0.00 loss 0.331 (0.316) @1 89.062 (89.310) ETA 0 D 0.5 H
2023-11-14 12:31:27 - INFO - best_prec1: 86.790000 ./results/int-vgg-small-7
2023-11-14 12:31:27 - INFO - Epoch: 62 Train Prec@1 89.128 Train Loss 0.323 Valid Prec@1 81.520 Valid Loss 0.574 

2023-11-14 12:31:27 - INFO - [63][  0/196] Time 0.345 (0.345) Data 0.27 loss 0.461 (0.461) @1 82.422 (82.422) ETA 0 D 2.6 H
2023-11-14 12:31:34 - INFO - [63][100/196] Time 0.073 (0.074) Data 0.00 loss 0.298 (0.315) @1 88.672 (89.171) ETA 0 D 0.6 H
2023-11-14 12:31:42 - INFO - best_prec1: 87.100000 ./results/int-vgg-small-7
2023-11-14 12:31:42 - INFO - Epoch: 63 Train Prec@1 88.978 Train Loss 0.322 Valid Prec@1 87.100 Valid Loss 0.390 

2023-11-14 12:31:42 - INFO - [64][  0/196] Time 0.301 (0.301) Data 0.23 loss 0.276 (0.276) @1 89.062 (89.062) ETA 0 D 2.2 H
2023-11-14 12:31:49 - INFO - [64][100/196] Time 0.064 (0.067) Data 0.00 loss 0.322 (0.315) @1 88.281 (89.275) ETA 0 D 0.5 H
2023-11-14 12:31:56 - INFO - best_prec1: 87.100000 ./results/int-vgg-small-7
2023-11-14 12:31:56 - INFO - Epoch: 64 Train Prec@1 89.140 Train Loss 0.318 Valid Prec@1 84.920 Valid Loss 0.461 

2023-11-14 12:31:56 - INFO - [65][  0/196] Time 0.323 (0.323) Data 0.25 loss 0.289 (0.289) @1 88.672 (88.672) ETA 0 D 2.4 H
2023-11-14 12:32:03 - INFO - [65][100/196] Time 0.069 (0.069) Data 0.00 loss 0.311 (0.317) @1 89.844 (89.221) ETA 0 D 0.5 H
2023-11-14 12:32:11 - INFO - best_prec1: 87.100000 ./results/int-vgg-small-7
2023-11-14 12:32:11 - INFO - Epoch: 65 Train Prec@1 89.282 Train Loss 0.316 Valid Prec@1 83.280 Valid Loss 0.561 

2023-11-14 12:32:11 - INFO - [66][  0/196] Time 0.306 (0.306) Data 0.24 loss 0.424 (0.424) @1 87.500 (87.500) ETA 0 D 2.2 H
2023-11-14 12:32:18 - INFO - [66][100/196] Time 0.064 (0.069) Data 0.00 loss 0.327 (0.312) @1 86.328 (89.291) ETA 0 D 0.5 H
2023-11-14 12:32:25 - INFO - best_prec1: 87.100000 ./results/int-vgg-small-7
2023-11-14 12:32:25 - INFO - Epoch: 66 Train Prec@1 89.244 Train Loss 0.314 Valid Prec@1 84.330 Valid Loss 0.509 

2023-11-14 12:32:25 - INFO - [67][  0/196] Time 0.308 (0.308) Data 0.24 loss 0.411 (0.411) @1 85.547 (85.547) ETA 0 D 2.2 H
2023-11-14 12:32:32 - INFO - [67][100/196] Time 0.065 (0.069) Data 0.00 loss 0.317 (0.313) @1 88.281 (89.496) ETA 0 D 0.5 H
2023-11-14 12:32:40 - INFO - best_prec1: 87.100000 ./results/int-vgg-small-7
2023-11-14 12:32:40 - INFO - Epoch: 67 Train Prec@1 89.450 Train Loss 0.311 Valid Prec@1 83.410 Valid Loss 0.526 

2023-11-14 12:32:40 - INFO - [68][  0/196] Time 0.302 (0.302) Data 0.23 loss 0.310 (0.310) @1 89.844 (89.844) ETA 0 D 2.2 H
2023-11-14 12:32:46 - INFO - [68][100/196] Time 0.065 (0.068) Data 0.00 loss 0.228 (0.305) @1 93.359 (89.647) ETA 0 D 0.5 H
2023-11-14 12:32:54 - INFO - best_prec1: 87.100000 ./results/int-vgg-small-7
2023-11-14 12:32:54 - INFO - Epoch: 68 Train Prec@1 89.418 Train Loss 0.313 Valid Prec@1 84.890 Valid Loss 0.480 

2023-11-14 12:32:54 - INFO - [69][  0/196] Time 0.318 (0.318) Data 0.25 loss 0.282 (0.282) @1 90.625 (90.625) ETA 0 D 2.3 H
2023-11-14 12:33:01 - INFO - [69][100/196] Time 0.068 (0.068) Data 0.00 loss 0.256 (0.297) @1 90.234 (90.111) ETA 0 D 0.5 H
2023-11-14 12:33:08 - INFO - best_prec1: 87.100000 ./results/int-vgg-small-7
2023-11-14 12:33:08 - INFO - Epoch: 69 Train Prec@1 89.640 Train Loss 0.307 Valid Prec@1 86.470 Valid Loss 0.420 

2023-11-14 12:33:09 - INFO - [70][  0/196] Time 0.305 (0.305) Data 0.24 loss 0.286 (0.286) @1 91.406 (91.406) ETA 0 D 2.2 H
2023-11-14 12:33:15 - INFO - [70][100/196] Time 0.065 (0.068) Data 0.00 loss 0.311 (0.304) @1 87.109 (89.627) ETA 0 D 0.5 H
2023-11-14 12:33:23 - INFO - best_prec1: 87.100000 ./results/int-vgg-small-7
2023-11-14 12:33:23 - INFO - Epoch: 70 Train Prec@1 89.476 Train Loss 0.306 Valid Prec@1 80.610 Valid Loss 0.600 

2023-11-14 12:33:23 - INFO - [71][  0/196] Time 0.316 (0.316) Data 0.25 loss 0.564 (0.564) @1 80.078 (80.078) ETA 0 D 2.2 H
2023-11-14 12:33:30 - INFO - [71][100/196] Time 0.068 (0.069) Data 0.00 loss 0.224 (0.303) @1 92.188 (89.585) ETA 0 D 0.5 H
2023-11-14 12:33:38 - INFO - best_prec1: 87.100000 ./results/int-vgg-small-7
2023-11-14 12:33:38 - INFO - Epoch: 71 Train Prec@1 89.648 Train Loss 0.305 Valid Prec@1 84.770 Valid Loss 0.480 

2023-11-14 12:33:38 - INFO - [72][  0/196] Time 0.315 (0.315) Data 0.24 loss 0.307 (0.307) @1 89.844 (89.844) ETA 0 D 2.2 H
2023-11-14 12:33:44 - INFO - [72][100/196] Time 0.066 (0.068) Data 0.00 loss 0.350 (0.303) @1 88.672 (89.882) ETA 0 D 0.5 H
2023-11-14 12:33:52 - INFO - best_prec1: 87.100000 ./results/int-vgg-small-7
2023-11-14 12:33:52 - INFO - Epoch: 72 Train Prec@1 89.924 Train Loss 0.298 Valid Prec@1 84.610 Valid Loss 0.493 

2023-11-14 12:33:52 - INFO - [73][  0/196] Time 0.310 (0.310) Data 0.24 loss 0.303 (0.303) @1 89.453 (89.453) ETA 0 D 2.1 H
2023-11-14 12:33:59 - INFO - [73][100/196] Time 0.067 (0.068) Data 0.00 loss 0.338 (0.285) @1 89.453 (90.405) ETA 0 D 0.5 H
2023-11-14 12:34:06 - INFO - best_prec1: 87.100000 ./results/int-vgg-small-7
2023-11-14 12:34:06 - INFO - Epoch: 73 Train Prec@1 90.008 Train Loss 0.295 Valid Prec@1 85.190 Valid Loss 0.458 

2023-11-14 12:34:07 - INFO - [74][  0/196] Time 0.305 (0.305) Data 0.24 loss 0.299 (0.299) @1 90.625 (90.625) ETA 0 D 2.1 H
2023-11-14 12:34:13 - INFO - [74][100/196] Time 0.065 (0.068) Data 0.00 loss 0.301 (0.287) @1 89.453 (90.285) ETA 0 D 0.5 H
2023-11-14 12:34:21 - INFO - best_prec1: 87.100000 ./results/int-vgg-small-7
2023-11-14 12:34:21 - INFO - Epoch: 74 Train Prec@1 90.106 Train Loss 0.292 Valid Prec@1 83.760 Valid Loss 0.518 

2023-11-14 12:34:21 - INFO - [75][  0/196] Time 0.303 (0.303) Data 0.23 loss 0.385 (0.385) @1 86.328 (86.328) ETA 0 D 2.1 H
2023-11-14 12:34:27 - INFO - [75][100/196] Time 0.066 (0.068) Data 0.00 loss 0.319 (0.285) @1 89.844 (90.250) ETA 0 D 0.5 H
2023-11-14 12:34:35 - INFO - best_prec1: 87.100000 ./results/int-vgg-small-7
2023-11-14 12:34:35 - INFO - Epoch: 75 Train Prec@1 89.996 Train Loss 0.290 Valid Prec@1 84.220 Valid Loss 0.538 

2023-11-14 12:34:35 - INFO - [76][  0/196] Time 0.306 (0.306) Data 0.24 loss 0.288 (0.288) @1 89.062 (89.062) ETA 0 D 2.1 H
2023-11-14 12:34:42 - INFO - [76][100/196] Time 0.065 (0.068) Data 0.00 loss 0.409 (0.281) @1 87.500 (90.490) ETA 0 D 0.5 H
2023-11-14 12:34:49 - INFO - best_prec1: 87.100000 ./results/int-vgg-small-7
2023-11-14 12:34:49 - INFO - Epoch: 76 Train Prec@1 90.070 Train Loss 0.292 Valid Prec@1 84.990 Valid Loss 0.479 

2023-11-14 12:34:49 - INFO - [77][  0/196] Time 0.306 (0.306) Data 0.24 loss 0.259 (0.259) @1 90.234 (90.234) ETA 0 D 2.1 H
2023-11-14 12:34:56 - INFO - [77][100/196] Time 0.067 (0.067) Data 0.00 loss 0.352 (0.296) @1 87.891 (90.033) ETA 0 D 0.4 H
2023-11-14 12:35:03 - INFO - best_prec1: 87.100000 ./results/int-vgg-small-7
2023-11-14 12:35:03 - INFO - Epoch: 77 Train Prec@1 90.030 Train Loss 0.299 Valid Prec@1 86.670 Valid Loss 0.419 

2023-11-14 12:35:04 - INFO - [78][  0/196] Time 0.313 (0.313) Data 0.25 loss 0.230 (0.230) @1 93.750 (93.750) ETA 0 D 2.1 H
2023-11-14 12:35:10 - INFO - [78][100/196] Time 0.065 (0.067) Data 0.00 loss 0.292 (0.289) @1 88.672 (90.165) ETA 0 D 0.4 H
2023-11-14 12:35:18 - INFO - best_prec1: 87.100000 ./results/int-vgg-small-7
2023-11-14 12:35:18 - INFO - Epoch: 78 Train Prec@1 90.018 Train Loss 0.291 Valid Prec@1 86.020 Valid Loss 0.461 

2023-11-14 12:35:18 - INFO - [79][  0/196] Time 0.311 (0.311) Data 0.24 loss 0.254 (0.254) @1 90.625 (90.625) ETA 0 D 2.1 H
2023-11-14 12:35:25 - INFO - [79][100/196] Time 0.069 (0.070) Data 0.00 loss 0.212 (0.273) @1 93.359 (90.540) ETA 0 D 0.5 H
2023-11-14 12:35:32 - INFO - best_prec1: 87.100000 ./results/int-vgg-small-7
2023-11-14 12:35:32 - INFO - Epoch: 79 Train Prec@1 90.318 Train Loss 0.283 Valid Prec@1 85.910 Valid Loss 0.479 

2023-11-14 12:35:32 - INFO - [80][  0/196] Time 0.309 (0.309) Data 0.24 loss 0.276 (0.276) @1 92.578 (92.578) ETA 0 D 2.0 H
2023-11-14 12:35:39 - INFO - [80][100/196] Time 0.065 (0.068) Data 0.00 loss 0.177 (0.275) @1 95.312 (90.617) ETA 0 D 0.4 H
2023-11-14 12:35:47 - INFO - best_prec1: 87.100000 ./results/int-vgg-small-7
2023-11-14 12:35:47 - INFO - Epoch: 80 Train Prec@1 90.332 Train Loss 0.284 Valid Prec@1 86.280 Valid Loss 0.473 

2023-11-14 12:35:47 - INFO - [81][  0/196] Time 0.309 (0.309) Data 0.24 loss 0.179 (0.179) @1 94.141 (94.141) ETA 0 D 2.0 H
2023-11-14 12:35:53 - INFO - [81][100/196] Time 0.065 (0.068) Data 0.00 loss 0.196 (0.277) @1 93.359 (90.559) ETA 0 D 0.4 H
2023-11-14 12:36:01 - INFO - best_prec1: 87.100000 ./results/int-vgg-small-7
2023-11-14 12:36:01 - INFO - Epoch: 81 Train Prec@1 90.514 Train Loss 0.279 Valid Prec@1 86.310 Valid Loss 0.472 

2023-11-14 12:36:01 - INFO - [82][  0/196] Time 0.330 (0.330) Data 0.26 loss 0.244 (0.244) @1 92.969 (92.969) ETA 0 D 2.1 H
2023-11-14 12:36:08 - INFO - [82][100/196] Time 0.065 (0.069) Data 0.00 loss 0.302 (0.276) @1 89.453 (90.702) ETA 0 D 0.4 H
2023-11-14 12:36:15 - INFO - best_prec1: 87.120000 ./results/int-vgg-small-7
2023-11-14 12:36:15 - INFO - Epoch: 82 Train Prec@1 90.516 Train Loss 0.279 Valid Prec@1 87.120 Valid Loss 0.437 

2023-11-14 12:36:16 - INFO - [83][  0/196] Time 0.313 (0.313) Data 0.24 loss 0.241 (0.241) @1 90.625 (90.625) ETA 0 D 2.0 H
2023-11-14 12:36:22 - INFO - [83][100/196] Time 0.065 (0.068) Data 0.00 loss 0.237 (0.278) @1 91.016 (90.621) ETA 0 D 0.4 H
2023-11-14 12:36:30 - INFO - best_prec1: 87.120000 ./results/int-vgg-small-7
2023-11-14 12:36:30 - INFO - Epoch: 83 Train Prec@1 90.550 Train Loss 0.280 Valid Prec@1 85.460 Valid Loss 0.512 

2023-11-14 12:36:30 - INFO - [84][  0/196] Time 0.326 (0.326) Data 0.26 loss 0.281 (0.281) @1 89.062 (89.062) ETA 0 D 2.1 H
2023-11-14 12:36:36 - INFO - [84][100/196] Time 0.065 (0.068) Data 0.00 loss 0.268 (0.263) @1 91.797 (90.958) ETA 0 D 0.4 H
2023-11-14 12:36:44 - INFO - best_prec1: 87.120000 ./results/int-vgg-small-7
2023-11-14 12:36:44 - INFO - Epoch: 84 Train Prec@1 90.642 Train Loss 0.274 Valid Prec@1 84.970 Valid Loss 0.496 

2023-11-14 12:36:44 - INFO - [85][  0/196] Time 0.308 (0.308) Data 0.24 loss 0.245 (0.245) @1 89.844 (89.844) ETA 0 D 1.9 H
2023-11-14 12:36:51 - INFO - [85][100/196] Time 0.066 (0.068) Data 0.00 loss 0.268 (0.263) @1 89.453 (90.803) ETA 0 D 0.4 H
2023-11-14 12:36:58 - INFO - best_prec1: 87.120000 ./results/int-vgg-small-7
2023-11-14 12:36:58 - INFO - Epoch: 85 Train Prec@1 90.478 Train Loss 0.275 Valid Prec@1 86.210 Valid Loss 0.459 

2023-11-14 12:36:59 - INFO - [86][  0/196] Time 0.302 (0.302) Data 0.23 loss 0.250 (0.250) @1 91.016 (91.016) ETA 0 D 1.9 H
2023-11-14 12:37:05 - INFO - [86][100/196] Time 0.069 (0.068) Data 0.00 loss 0.190 (0.261) @1 92.188 (91.120) ETA 0 D 0.4 H
2023-11-14 12:37:13 - INFO - best_prec1: 88.040000 ./results/int-vgg-small-7
2023-11-14 12:37:13 - INFO - Epoch: 86 Train Prec@1 91.054 Train Loss 0.263 Valid Prec@1 88.040 Valid Loss 0.397 

2023-11-14 12:37:13 - INFO - [87][  0/196] Time 0.309 (0.309) Data 0.24 loss 0.209 (0.209) @1 93.750 (93.750) ETA 0 D 1.9 H
2023-11-14 12:37:20 - INFO - [87][100/196] Time 0.067 (0.070) Data 0.00 loss 0.342 (0.258) @1 88.672 (91.240) ETA 0 D 0.4 H
2023-11-14 12:37:27 - INFO - best_prec1: 88.040000 ./results/int-vgg-small-7
2023-11-14 12:37:27 - INFO - Epoch: 87 Train Prec@1 90.934 Train Loss 0.267 Valid Prec@1 86.480 Valid Loss 0.462 

2023-11-14 12:37:27 - INFO - [88][  0/196] Time 0.313 (0.313) Data 0.24 loss 0.235 (0.235) @1 91.016 (91.016) ETA 0 D 1.9 H
2023-11-14 12:37:34 - INFO - [88][100/196] Time 0.065 (0.067) Data 0.00 loss 0.301 (0.261) @1 89.844 (90.996) ETA 0 D 0.4 H
2023-11-14 12:37:41 - INFO - best_prec1: 88.040000 ./results/int-vgg-small-7
2023-11-14 12:37:41 - INFO - Epoch: 88 Train Prec@1 90.884 Train Loss 0.265 Valid Prec@1 84.750 Valid Loss 0.543 

2023-11-14 12:37:41 - INFO - [89][  0/196] Time 0.313 (0.313) Data 0.25 loss 0.347 (0.347) @1 89.062 (89.062) ETA 0 D 1.9 H
2023-11-14 12:37:48 - INFO - [89][100/196] Time 0.066 (0.067) Data 0.00 loss 0.201 (0.265) @1 91.797 (91.004) ETA 0 D 0.4 H
2023-11-14 12:37:55 - INFO - best_prec1: 88.040000 ./results/int-vgg-small-7
2023-11-14 12:37:55 - INFO - Epoch: 89 Train Prec@1 90.890 Train Loss 0.266 Valid Prec@1 85.940 Valid Loss 0.484 

2023-11-14 12:37:56 - INFO - [90][  0/196] Time 0.305 (0.305) Data 0.24 loss 0.266 (0.266) @1 89.453 (89.453) ETA 0 D 1.8 H
2023-11-14 12:38:02 - INFO - [90][100/196] Time 0.065 (0.068) Data 0.00 loss 0.207 (0.260) @1 91.797 (91.194) ETA 0 D 0.4 H
2023-11-14 12:38:10 - INFO - best_prec1: 88.040000 ./results/int-vgg-small-7
2023-11-14 12:38:10 - INFO - Epoch: 90 Train Prec@1 90.964 Train Loss 0.264 Valid Prec@1 86.830 Valid Loss 0.443 

2023-11-14 12:38:10 - INFO - [91][  0/196] Time 0.303 (0.303) Data 0.24 loss 0.309 (0.309) @1 89.453 (89.453) ETA 0 D 1.8 H
2023-11-14 12:38:16 - INFO - [91][100/196] Time 0.065 (0.067) Data 0.00 loss 0.262 (0.252) @1 89.844 (91.399) ETA 0 D 0.4 H
2023-11-14 12:38:24 - INFO - best_prec1: 88.040000 ./results/int-vgg-small-7
2023-11-14 12:38:24 - INFO - Epoch: 91 Train Prec@1 91.138 Train Loss 0.259 Valid Prec@1 85.100 Valid Loss 0.475 

2023-11-14 12:38:24 - INFO - [92][  0/196] Time 0.298 (0.298) Data 0.23 loss 0.220 (0.220) @1 92.578 (92.578) ETA 0 D 1.8 H
2023-11-14 12:38:31 - INFO - [92][100/196] Time 0.065 (0.067) Data 0.00 loss 0.309 (0.260) @1 89.453 (91.008) ETA 0 D 0.4 H
2023-11-14 12:38:38 - INFO - best_prec1: 88.040000 ./results/int-vgg-small-7
2023-11-14 12:38:38 - INFO - Epoch: 92 Train Prec@1 90.988 Train Loss 0.264 Valid Prec@1 86.180 Valid Loss 0.457 

2023-11-14 12:38:38 - INFO - [93][  0/196] Time 0.312 (0.312) Data 0.25 loss 0.253 (0.253) @1 90.234 (90.234) ETA 0 D 1.8 H
2023-11-14 12:38:45 - INFO - [93][100/196] Time 0.065 (0.068) Data 0.00 loss 0.214 (0.261) @1 92.578 (91.031) ETA 0 D 0.4 H
2023-11-14 12:38:52 - INFO - best_prec1: 88.040000 ./results/int-vgg-small-7
2023-11-14 12:38:52 - INFO - Epoch: 93 Train Prec@1 90.734 Train Loss 0.273 Valid Prec@1 86.910 Valid Loss 0.420 

2023-11-14 12:38:53 - INFO - [94][  0/196] Time 0.302 (0.302) Data 0.23 loss 0.257 (0.257) @1 91.406 (91.406) ETA 0 D 1.7 H
2023-11-14 12:38:59 - INFO - [94][100/196] Time 0.065 (0.068) Data 0.00 loss 0.260 (0.259) @1 91.797 (91.108) ETA 0 D 0.4 H
2023-11-14 12:39:07 - INFO - best_prec1: 88.040000 ./results/int-vgg-small-7
2023-11-14 12:39:07 - INFO - Epoch: 94 Train Prec@1 91.012 Train Loss 0.262 Valid Prec@1 85.540 Valid Loss 0.482 

2023-11-14 12:39:07 - INFO - [95][  0/196] Time 0.333 (0.333) Data 0.26 loss 0.275 (0.275) @1 91.016 (91.016) ETA 0 D 1.9 H
2023-11-14 12:39:14 - INFO - [95][100/196] Time 0.066 (0.068) Data 0.00 loss 0.449 (0.256) @1 83.594 (91.333) ETA 0 D 0.4 H
2023-11-14 12:39:21 - INFO - best_prec1: 88.040000 ./results/int-vgg-small-7
2023-11-14 12:39:21 - INFO - Epoch: 95 Train Prec@1 91.022 Train Loss 0.265 Valid Prec@1 85.600 Valid Loss 0.472 

2023-11-14 12:39:21 - INFO - [96][  0/196] Time 0.324 (0.324) Data 0.25 loss 0.284 (0.284) @1 89.844 (89.844) ETA 0 D 1.8 H
2023-11-14 12:39:28 - INFO - [96][100/196] Time 0.065 (0.069) Data 0.00 loss 0.174 (0.252) @1 94.922 (91.511) ETA 0 D 0.4 H
2023-11-14 12:39:35 - INFO - best_prec1: 88.040000 ./results/int-vgg-small-7
2023-11-14 12:39:35 - INFO - Epoch: 96 Train Prec@1 91.322 Train Loss 0.261 Valid Prec@1 87.420 Valid Loss 0.413 

2023-11-14 12:39:36 - INFO - [97][  0/196] Time 0.309 (0.309) Data 0.24 loss 0.178 (0.178) @1 94.531 (94.531) ETA 0 D 1.7 H
2023-11-14 12:39:42 - INFO - [97][100/196] Time 0.065 (0.067) Data 0.00 loss 0.215 (0.240) @1 92.188 (91.839) ETA 0 D 0.4 H
2023-11-14 12:39:50 - INFO - best_prec1: 88.040000 ./results/int-vgg-small-7
2023-11-14 12:39:50 - INFO - Epoch: 97 Train Prec@1 91.444 Train Loss 0.250 Valid Prec@1 86.530 Valid Loss 0.426 

2023-11-14 12:39:50 - INFO - [98][  0/196] Time 0.306 (0.306) Data 0.24 loss 0.266 (0.266) @1 89.844 (89.844) ETA 0 D 1.7 H
2023-11-14 12:39:57 - INFO - [98][100/196] Time 0.065 (0.068) Data 0.00 loss 0.220 (0.254) @1 92.969 (91.255) ETA 0 D 0.4 H
2023-11-14 12:40:04 - INFO - best_prec1: 88.040000 ./results/int-vgg-small-7
2023-11-14 12:40:04 - INFO - Epoch: 98 Train Prec@1 91.302 Train Loss 0.253 Valid Prec@1 86.360 Valid Loss 0.435 

2023-11-14 12:40:04 - INFO - [99][  0/196] Time 0.307 (0.307) Data 0.24 loss 0.284 (0.284) @1 92.188 (92.188) ETA 0 D 1.7 H
2023-11-14 12:40:11 - INFO - [99][100/196] Time 0.069 (0.069) Data 0.00 loss 0.167 (0.249) @1 94.531 (91.561) ETA 0 D 0.4 H
2023-11-14 12:40:19 - INFO - best_prec1: 88.040000 ./results/int-vgg-small-7
2023-11-14 12:40:19 - INFO - Epoch: 99 Train Prec@1 91.304 Train Loss 0.255 Valid Prec@1 86.970 Valid Loss 0.452 

2023-11-14 12:40:19 - INFO - Change Grad Bitwidth to : 4
2023-11-14 12:40:19 - INFO - [100][  0/196] Time 0.337 (0.337) Data 0.26 loss 0.240 (0.240) @1 91.016 (91.016) ETA 0 D 1.8 H
2023-11-14 12:40:26 - INFO - [100][100/196] Time 0.065 (0.071) Data 0.00 loss 0.128 (0.149) @1 94.922 (94.852) ETA 0 D 0.4 H
2023-11-14 12:40:33 - INFO - best_prec1: 88.080000 ./results/int-vgg-small-7
2023-11-14 12:40:34 - INFO - Epoch: 100 Train Prec@1 95.010 Train Loss 0.146 Valid Prec@1 88.080 Valid Loss 0.425 

2023-11-14 12:40:34 - INFO - [101][  0/196] Time 0.308 (0.308) Data 0.24 loss 0.207 (0.207) @1 93.750 (93.750) ETA 0 D 1.7 H
2023-11-14 12:40:40 - INFO - [101][100/196] Time 0.066 (0.068) Data 0.00 loss 0.163 (0.135) @1 94.531 (95.328) ETA 0 D 0.4 H
2023-11-14 12:40:48 - INFO - best_prec1: 88.780000 ./results/int-vgg-small-7
2023-11-14 12:40:48 - INFO - Epoch: 101 Train Prec@1 95.384 Train Loss 0.134 Valid Prec@1 88.780 Valid Loss 0.399 

2023-11-14 12:40:48 - INFO - [102][  0/196] Time 0.315 (0.315) Data 0.25 loss 0.155 (0.155) @1 95.703 (95.703) ETA 0 D 1.7 H
2023-11-14 12:40:55 - INFO - [102][100/196] Time 0.067 (0.068) Data 0.00 loss 0.103 (0.123) @1 97.266 (95.692) ETA 0 D 0.4 H
2023-11-14 12:41:02 - INFO - best_prec1: 88.780000 ./results/int-vgg-small-7
2023-11-14 12:41:02 - INFO - Epoch: 102 Train Prec@1 95.636 Train Loss 0.126 Valid Prec@1 88.520 Valid Loss 0.431 

2023-11-14 12:41:02 - INFO - [103][  0/196] Time 0.322 (0.322) Data 0.25 loss 0.093 (0.093) @1 96.484 (96.484) ETA 0 D 1.7 H
2023-11-14 12:41:09 - INFO - [103][100/196] Time 0.068 (0.068) Data 0.00 loss 0.135 (0.116) @1 95.703 (96.028) ETA 0 D 0.4 H
2023-11-14 12:41:16 - INFO - best_prec1: 88.780000 ./results/int-vgg-small-7
2023-11-14 12:41:16 - INFO - Epoch: 103 Train Prec@1 95.902 Train Loss 0.121 Valid Prec@1 88.700 Valid Loss 0.373 

2023-11-14 12:41:17 - INFO - [104][  0/196] Time 0.317 (0.317) Data 0.25 loss 0.097 (0.097) @1 96.484 (96.484) ETA 0 D 1.7 H
2023-11-14 12:41:23 - INFO - [104][100/196] Time 0.065 (0.068) Data 0.00 loss 0.161 (0.116) @1 95.312 (95.962) ETA 0 D 0.4 H
2023-11-14 12:41:31 - INFO - best_prec1: 88.780000 ./results/int-vgg-small-7
2023-11-14 12:41:31 - INFO - Epoch: 104 Train Prec@1 95.902 Train Loss 0.118 Valid Prec@1 88.450 Valid Loss 0.449 

2023-11-14 12:41:31 - INFO - [105][  0/196] Time 0.311 (0.311) Data 0.24 loss 0.145 (0.145) @1 94.141 (94.141) ETA 0 D 1.6 H
2023-11-14 12:41:38 - INFO - [105][100/196] Time 0.066 (0.068) Data 0.00 loss 0.135 (0.116) @1 94.531 (96.047) ETA 0 D 0.3 H
2023-11-14 12:41:45 - INFO - best_prec1: 88.780000 ./results/int-vgg-small-7
2023-11-14 12:41:45 - INFO - Epoch: 105 Train Prec@1 96.062 Train Loss 0.116 Valid Prec@1 88.700 Valid Loss 0.417 

2023-11-14 12:41:45 - INFO - [106][  0/196] Time 0.318 (0.318) Data 0.25 loss 0.148 (0.148) @1 95.312 (95.312) ETA 0 D 1.6 H
2023-11-14 12:41:52 - INFO - [106][100/196] Time 0.067 (0.068) Data 0.00 loss 0.150 (0.109) @1 94.531 (96.419) ETA 0 D 0.3 H
2023-11-14 12:41:59 - INFO - best_prec1: 89.540000 ./results/int-vgg-small-7
2023-11-14 12:41:59 - INFO - Epoch: 106 Train Prec@1 96.192 Train Loss 0.113 Valid Prec@1 89.540 Valid Loss 0.390 

2023-11-14 12:42:00 - INFO - [107][  0/196] Time 0.325 (0.325) Data 0.26 loss 0.091 (0.091) @1 97.266 (97.266) ETA 0 D 1.6 H
2023-11-14 12:42:06 - INFO - [107][100/196] Time 0.066 (0.068) Data 0.00 loss 0.101 (0.109) @1 96.875 (96.163) ETA 0 D 0.3 H
2023-11-14 12:42:14 - INFO - best_prec1: 89.540000 ./results/int-vgg-small-7
2023-11-14 12:42:14 - INFO - Epoch: 107 Train Prec@1 96.176 Train Loss 0.111 Valid Prec@1 87.840 Valid Loss 0.475 

2023-11-14 12:42:14 - INFO - [108][  0/196] Time 0.307 (0.307) Data 0.24 loss 0.115 (0.115) @1 94.922 (94.922) ETA 0 D 1.5 H
2023-11-14 12:42:20 - INFO - [108][100/196] Time 0.065 (0.068) Data 0.00 loss 0.090 (0.104) @1 97.656 (96.283) ETA 0 D 0.3 H
2023-11-14 12:42:28 - INFO - best_prec1: 89.540000 ./results/int-vgg-small-7
2023-11-14 12:42:28 - INFO - Epoch: 108 Train Prec@1 96.306 Train Loss 0.106 Valid Prec@1 88.260 Valid Loss 0.441 

2023-11-14 12:42:28 - INFO - [109][  0/196] Time 0.318 (0.318) Data 0.25 loss 0.104 (0.104) @1 96.484 (96.484) ETA 0 D 1.6 H
2023-11-14 12:42:35 - INFO - [109][100/196] Time 0.066 (0.068) Data 0.00 loss 0.077 (0.103) @1 96.875 (96.569) ETA 0 D 0.3 H
2023-11-14 12:42:42 - INFO - best_prec1: 89.540000 ./results/int-vgg-small-7
2023-11-14 12:42:42 - INFO - Epoch: 109 Train Prec@1 96.474 Train Loss 0.105 Valid Prec@1 88.910 Valid Loss 0.418 

2023-11-14 12:42:42 - INFO - [110][  0/196] Time 0.302 (0.302) Data 0.23 loss 0.063 (0.063) @1 98.047 (98.047) ETA 0 D 1.5 H
2023-11-14 12:42:49 - INFO - [110][100/196] Time 0.065 (0.068) Data 0.00 loss 0.104 (0.101) @1 96.875 (96.558) ETA 0 D 0.3 H
2023-11-14 12:42:57 - INFO - best_prec1: 89.540000 ./results/int-vgg-small-7
2023-11-14 12:42:57 - INFO - Epoch: 110 Train Prec@1 96.514 Train Loss 0.102 Valid Prec@1 89.010 Valid Loss 0.418 

2023-11-14 12:42:57 - INFO - [111][  0/196] Time 0.331 (0.331) Data 0.25 loss 0.071 (0.071) @1 98.047 (98.047) ETA 0 D 1.6 H
2023-11-14 12:43:04 - INFO - [111][100/196] Time 0.065 (0.071) Data 0.00 loss 0.120 (0.101) @1 96.484 (96.573) ETA 0 D 0.3 H
2023-11-14 12:43:11 - INFO - best_prec1: 89.540000 ./results/int-vgg-small-7
2023-11-14 12:43:11 - INFO - Epoch: 111 Train Prec@1 96.518 Train Loss 0.101 Valid Prec@1 88.870 Valid Loss 0.412 

2023-11-14 12:43:12 - INFO - [112][  0/196] Time 0.315 (0.315) Data 0.25 loss 0.147 (0.147) @1 92.969 (92.969) ETA 0 D 1.5 H
2023-11-14 12:43:18 - INFO - [112][100/196] Time 0.065 (0.068) Data 0.00 loss 0.071 (0.103) @1 98.438 (96.364) ETA 0 D 0.3 H
2023-11-14 12:43:26 - INFO - best_prec1: 89.540000 ./results/int-vgg-small-7
2023-11-14 12:43:26 - INFO - Epoch: 112 Train Prec@1 96.396 Train Loss 0.103 Valid Prec@1 88.870 Valid Loss 0.460 

2023-11-14 12:43:26 - INFO - [113][  0/196] Time 0.314 (0.314) Data 0.25 loss 0.082 (0.082) @1 96.484 (96.484) ETA 0 D 1.5 H
2023-11-14 12:43:33 - INFO - [113][100/196] Time 0.065 (0.070) Data 0.00 loss 0.092 (0.098) @1 96.484 (96.716) ETA 0 D 0.3 H
2023-11-14 12:43:40 - INFO - best_prec1: 89.540000 ./results/int-vgg-small-7
2023-11-14 12:43:40 - INFO - Epoch: 113 Train Prec@1 96.538 Train Loss 0.101 Valid Prec@1 89.180 Valid Loss 0.410 

2023-11-14 12:43:40 - INFO - [114][  0/196] Time 0.313 (0.313) Data 0.25 loss 0.098 (0.098) @1 97.266 (97.266) ETA 0 D 1.5 H
2023-11-14 12:43:47 - INFO - [114][100/196] Time 0.065 (0.067) Data 0.00 loss 0.121 (0.094) @1 95.703 (96.871) ETA 0 D 0.3 H
2023-11-14 12:43:54 - INFO - best_prec1: 89.540000 ./results/int-vgg-small-7
2023-11-14 12:43:54 - INFO - Epoch: 114 Train Prec@1 96.624 Train Loss 0.099 Valid Prec@1 88.550 Valid Loss 0.392 

2023-11-14 12:43:55 - INFO - [115][  0/196] Time 0.302 (0.302) Data 0.23 loss 0.084 (0.084) @1 98.047 (98.047) ETA 0 D 1.4 H
2023-11-14 12:44:01 - INFO - [115][100/196] Time 0.065 (0.067) Data 0.00 loss 0.121 (0.100) @1 96.094 (96.566) ETA 0 D 0.3 H
2023-11-14 12:44:09 - INFO - best_prec1: 89.540000 ./results/int-vgg-small-7
2023-11-14 12:44:09 - INFO - Epoch: 115 Train Prec@1 96.594 Train Loss 0.098 Valid Prec@1 88.730 Valid Loss 0.428 

2023-11-14 12:44:09 - INFO - [116][  0/196] Time 0.306 (0.306) Data 0.24 loss 0.077 (0.077) @1 96.875 (96.875) ETA 0 D 1.4 H
2023-11-14 12:44:15 - INFO - [116][100/196] Time 0.067 (0.067) Data 0.00 loss 0.090 (0.092) @1 95.703 (96.821) ETA 0 D 0.3 H
2023-11-14 12:44:23 - INFO - best_prec1: 89.540000 ./results/int-vgg-small-7
2023-11-14 12:44:23 - INFO - Epoch: 116 Train Prec@1 96.764 Train Loss 0.095 Valid Prec@1 89.470 Valid Loss 0.402 

2023-11-14 12:44:23 - INFO - [117][  0/196] Time 0.315 (0.315) Data 0.24 loss 0.064 (0.064) @1 98.438 (98.438) ETA 0 D 1.4 H
2023-11-14 12:44:30 - INFO - [117][100/196] Time 0.065 (0.069) Data 0.00 loss 0.097 (0.091) @1 96.484 (96.983) ETA 0 D 0.3 H
2023-11-14 12:44:37 - INFO - best_prec1: 89.540000 ./results/int-vgg-small-7
2023-11-14 12:44:37 - INFO - Epoch: 117 Train Prec@1 96.800 Train Loss 0.094 Valid Prec@1 86.940 Valid Loss 0.522 

2023-11-14 12:44:38 - INFO - [118][  0/196] Time 0.305 (0.305) Data 0.24 loss 0.114 (0.114) @1 94.922 (94.922) ETA 0 D 1.4 H
2023-11-14 12:44:44 - INFO - [118][100/196] Time 0.069 (0.068) Data 0.00 loss 0.127 (0.096) @1 95.312 (96.697) ETA 0 D 0.3 H
2023-11-14 12:44:52 - INFO - best_prec1: 89.540000 ./results/int-vgg-small-7
2023-11-14 12:44:52 - INFO - Epoch: 118 Train Prec@1 96.814 Train Loss 0.094 Valid Prec@1 89.210 Valid Loss 0.417 

2023-11-14 12:44:52 - INFO - [119][  0/196] Time 0.313 (0.313) Data 0.25 loss 0.117 (0.117) @1 96.094 (96.094) ETA 0 D 1.4 H
2023-11-14 12:44:59 - INFO - [119][100/196] Time 0.065 (0.069) Data 0.00 loss 0.123 (0.090) @1 95.703 (96.863) ETA 0 D 0.3 H
2023-11-14 12:45:06 - INFO - best_prec1: 89.540000 ./results/int-vgg-small-7
2023-11-14 12:45:06 - INFO - Epoch: 119 Train Prec@1 96.852 Train Loss 0.090 Valid Prec@1 89.430 Valid Loss 0.447 

2023-11-14 12:45:07 - INFO - [120][  0/196] Time 0.305 (0.305) Data 0.23 loss 0.043 (0.043) @1 98.047 (98.047) ETA 0 D 1.3 H
2023-11-14 12:45:13 - INFO - [120][100/196] Time 0.065 (0.067) Data 0.00 loss 0.083 (0.086) @1 96.484 (97.006) ETA 0 D 0.3 H
2023-11-14 12:45:21 - INFO - best_prec1: 89.540000 ./results/int-vgg-small-7
2023-11-14 12:45:21 - INFO - Epoch: 120 Train Prec@1 96.842 Train Loss 0.090 Valid Prec@1 87.690 Valid Loss 0.503 

2023-11-14 12:45:21 - INFO - [121][  0/196] Time 0.303 (0.303) Data 0.23 loss 0.122 (0.122) @1 95.312 (95.312) ETA 0 D 1.3 H
2023-11-14 12:45:28 - INFO - [121][100/196] Time 0.068 (0.069) Data 0.00 loss 0.062 (0.090) @1 96.484 (96.902) ETA 0 D 0.3 H
2023-11-14 12:45:35 - INFO - best_prec1: 89.540000 ./results/int-vgg-small-7
2023-11-14 12:45:35 - INFO - Epoch: 121 Train Prec@1 96.832 Train Loss 0.092 Valid Prec@1 89.170 Valid Loss 0.417 

2023-11-14 12:45:36 - INFO - [122][  0/196] Time 0.318 (0.318) Data 0.25 loss 0.043 (0.043) @1 99.219 (99.219) ETA 0 D 1.3 H
2023-11-14 12:45:42 - INFO - [122][100/196] Time 0.067 (0.068) Data 0.00 loss 0.050 (0.080) @1 98.438 (97.161) ETA 0 D 0.3 H
2023-11-14 12:45:50 - INFO - best_prec1: 89.540000 ./results/int-vgg-small-7
2023-11-14 12:45:50 - INFO - Epoch: 122 Train Prec@1 97.094 Train Loss 0.084 Valid Prec@1 88.050 Valid Loss 0.531 

2023-11-14 12:45:50 - INFO - [123][  0/196] Time 0.306 (0.306) Data 0.24 loss 0.194 (0.194) @1 92.578 (92.578) ETA 0 D 1.3 H
2023-11-14 12:45:56 - INFO - [123][100/196] Time 0.065 (0.068) Data 0.00 loss 0.087 (0.087) @1 96.484 (97.061) ETA 0 D 0.3 H
2023-11-14 12:46:04 - INFO - best_prec1: 89.540000 ./results/int-vgg-small-7
2023-11-14 12:46:04 - INFO - Epoch: 123 Train Prec@1 96.964 Train Loss 0.090 Valid Prec@1 89.150 Valid Loss 0.421 

2023-11-14 12:46:04 - INFO - [124][  0/196] Time 0.313 (0.313) Data 0.25 loss 0.092 (0.092) @1 96.484 (96.484) ETA 0 D 1.3 H
2023-11-14 12:46:11 - INFO - [124][100/196] Time 0.065 (0.067) Data 0.00 loss 0.082 (0.086) @1 97.656 (97.068) ETA 0 D 0.3 H
2023-11-14 12:46:18 - INFO - best_prec1: 89.540000 ./results/int-vgg-small-7
2023-11-14 12:46:18 - INFO - Epoch: 124 Train Prec@1 96.884 Train Loss 0.090 Valid Prec@1 89.490 Valid Loss 0.413 

2023-11-14 12:46:18 - INFO - [125][  0/196] Time 0.314 (0.314) Data 0.25 loss 0.110 (0.110) @1 95.703 (95.703) ETA 0 D 1.3 H
2023-11-14 12:46:25 - INFO - [125][100/196] Time 0.065 (0.068) Data 0.00 loss 0.068 (0.085) @1 98.047 (97.211) ETA 0 D 0.3 H
2023-11-14 12:46:33 - INFO - best_prec1: 89.540000 ./results/int-vgg-small-7
2023-11-14 12:46:33 - INFO - Epoch: 125 Train Prec@1 97.080 Train Loss 0.088 Valid Prec@1 88.590 Valid Loss 0.469 

2023-11-14 12:46:33 - INFO - [126][  0/196] Time 0.307 (0.307) Data 0.24 loss 0.037 (0.037) @1 98.828 (98.828) ETA 0 D 1.2 H
2023-11-14 12:46:39 - INFO - [126][100/196] Time 0.065 (0.069) Data 0.00 loss 0.109 (0.082) @1 96.484 (97.092) ETA 0 D 0.3 H
2023-11-14 12:46:47 - INFO - best_prec1: 89.540000 ./results/int-vgg-small-7
2023-11-14 12:46:47 - INFO - Epoch: 126 Train Prec@1 96.984 Train Loss 0.087 Valid Prec@1 87.480 Valid Loss 0.528 

2023-11-14 12:46:47 - INFO - [127][  0/196] Time 0.320 (0.320) Data 0.25 loss 0.090 (0.090) @1 97.266 (97.266) ETA 0 D 1.3 H
2023-11-14 12:46:54 - INFO - [127][100/196] Time 0.065 (0.067) Data 0.00 loss 0.105 (0.082) @1 96.094 (97.153) ETA 0 D 0.3 H
2023-11-14 12:47:01 - INFO - best_prec1: 89.540000 ./results/int-vgg-small-7
2023-11-14 12:47:01 - INFO - Epoch: 127 Train Prec@1 96.998 Train Loss 0.087 Valid Prec@1 89.480 Valid Loss 0.423 

2023-11-14 12:47:02 - INFO - [128][  0/196] Time 0.313 (0.313) Data 0.24 loss 0.069 (0.069) @1 97.266 (97.266) ETA 0 D 1.2 H
2023-11-14 12:47:08 - INFO - [128][100/196] Time 0.065 (0.069) Data 0.00 loss 0.044 (0.084) @1 98.828 (97.049) ETA 0 D 0.3 H
2023-11-14 12:47:16 - INFO - best_prec1: 89.540000 ./results/int-vgg-small-7
2023-11-14 12:47:16 - INFO - Epoch: 128 Train Prec@1 96.934 Train Loss 0.087 Valid Prec@1 89.020 Valid Loss 0.429 

2023-11-14 12:47:16 - INFO - [129][  0/196] Time 0.314 (0.314) Data 0.24 loss 0.052 (0.052) @1 98.047 (98.047) ETA 0 D 1.2 H
2023-11-14 12:47:23 - INFO - [129][100/196] Time 0.068 (0.069) Data 0.00 loss 0.054 (0.080) @1 98.438 (97.188) ETA 0 D 0.3 H
2023-11-14 12:47:30 - INFO - best_prec1: 89.540000 ./results/int-vgg-small-7
2023-11-14 12:47:30 - INFO - Epoch: 129 Train Prec@1 97.148 Train Loss 0.083 Valid Prec@1 87.860 Valid Loss 0.491 

2023-11-14 12:47:31 - INFO - [130][  0/196] Time 0.303 (0.303) Data 0.23 loss 0.090 (0.090) @1 96.484 (96.484) ETA 0 D 1.2 H
2023-11-14 12:47:37 - INFO - [130][100/196] Time 0.065 (0.067) Data 0.00 loss 0.152 (0.085) @1 94.922 (97.061) ETA 0 D 0.3 H
2023-11-14 12:47:45 - INFO - best_prec1: 89.540000 ./results/int-vgg-small-7
2023-11-14 12:47:45 - INFO - Epoch: 130 Train Prec@1 97.032 Train Loss 0.086 Valid Prec@1 89.260 Valid Loss 0.421 

2023-11-14 12:47:45 - INFO - [131][  0/196] Time 0.311 (0.311) Data 0.24 loss 0.046 (0.046) @1 98.438 (98.438) ETA 0 D 1.2 H
2023-11-14 12:47:51 - INFO - [131][100/196] Time 0.065 (0.067) Data 0.00 loss 0.112 (0.083) @1 96.875 (97.223) ETA 0 D 0.3 H
2023-11-14 12:47:59 - INFO - best_prec1: 89.540000 ./results/int-vgg-small-7
2023-11-14 12:47:59 - INFO - Epoch: 131 Train Prec@1 97.112 Train Loss 0.087 Valid Prec@1 88.950 Valid Loss 0.431 

2023-11-14 12:47:59 - INFO - [132][  0/196] Time 0.322 (0.322) Data 0.25 loss 0.093 (0.093) @1 96.094 (96.094) ETA 0 D 1.2 H
2023-11-14 12:48:06 - INFO - [132][100/196] Time 0.065 (0.067) Data 0.00 loss 0.204 (0.082) @1 94.531 (97.142) ETA 0 D 0.2 H
2023-11-14 12:48:13 - INFO - best_prec1: 89.850000 ./results/int-vgg-small-7
2023-11-14 12:48:13 - INFO - Epoch: 132 Train Prec@1 97.020 Train Loss 0.086 Valid Prec@1 89.850 Valid Loss 0.402 

2023-11-14 12:48:13 - INFO - [133][  0/196] Time 0.311 (0.311) Data 0.24 loss 0.080 (0.080) @1 96.875 (96.875) ETA 0 D 1.1 H
2023-11-14 12:48:20 - INFO - [133][100/196] Time 0.065 (0.068) Data 0.00 loss 0.059 (0.082) @1 98.047 (97.289) ETA 0 D 0.2 H
2023-11-14 12:48:27 - INFO - best_prec1: 89.850000 ./results/int-vgg-small-7
2023-11-14 12:48:27 - INFO - Epoch: 133 Train Prec@1 97.300 Train Loss 0.081 Valid Prec@1 89.210 Valid Loss 0.491 

2023-11-14 12:48:28 - INFO - [134][  0/196] Time 0.314 (0.314) Data 0.25 loss 0.072 (0.072) @1 96.875 (96.875) ETA 0 D 1.1 H
2023-11-14 12:48:34 - INFO - [134][100/196] Time 0.065 (0.069) Data 0.00 loss 0.069 (0.082) @1 97.656 (97.177) ETA 0 D 0.2 H
2023-11-14 12:48:42 - INFO - best_prec1: 89.850000 ./results/int-vgg-small-7
2023-11-14 12:48:42 - INFO - Epoch: 134 Train Prec@1 97.102 Train Loss 0.084 Valid Prec@1 89.600 Valid Loss 0.394 

2023-11-14 12:48:42 - INFO - [135][  0/196] Time 0.313 (0.313) Data 0.24 loss 0.096 (0.096) @1 97.266 (97.266) ETA 0 D 1.1 H
2023-11-14 12:48:49 - INFO - [135][100/196] Time 0.065 (0.070) Data 0.00 loss 0.124 (0.080) @1 96.484 (97.235) ETA 0 D 0.2 H
2023-11-14 12:48:56 - INFO - best_prec1: 89.850000 ./results/int-vgg-small-7
2023-11-14 12:48:56 - INFO - Epoch: 135 Train Prec@1 97.192 Train Loss 0.082 Valid Prec@1 89.790 Valid Loss 0.427 

2023-11-14 12:48:57 - INFO - [136][  0/196] Time 0.318 (0.318) Data 0.25 loss 0.050 (0.050) @1 98.438 (98.438) ETA 0 D 1.1 H
2023-11-14 12:49:03 - INFO - [136][100/196] Time 0.065 (0.070) Data 0.00 loss 0.130 (0.078) @1 94.922 (97.328) ETA 0 D 0.2 H
2023-11-14 12:49:11 - INFO - best_prec1: 89.850000 ./results/int-vgg-small-7
2023-11-14 12:49:11 - INFO - Epoch: 136 Train Prec@1 97.234 Train Loss 0.082 Valid Prec@1 89.480 Valid Loss 0.428 

2023-11-14 12:49:11 - INFO - [137][  0/196] Time 0.322 (0.322) Data 0.25 loss 0.041 (0.041) @1 98.438 (98.438) ETA 0 D 1.1 H
2023-11-14 12:49:18 - INFO - [137][100/196] Time 0.079 (0.070) Data 0.00 loss 0.042 (0.077) @1 98.828 (97.370) ETA 0 D 0.2 H
2023-11-14 12:49:26 - INFO - best_prec1: 89.850000 ./results/int-vgg-small-7
2023-11-14 12:49:26 - INFO - Epoch: 137 Train Prec@1 97.120 Train Loss 0.083 Valid Prec@1 88.930 Valid Loss 0.444 

2023-11-14 12:49:26 - INFO - [138][  0/196] Time 0.308 (0.308) Data 0.24 loss 0.122 (0.122) @1 94.922 (94.922) ETA 0 D 1.0 H
2023-11-14 12:49:32 - INFO - [138][100/196] Time 0.065 (0.067) Data 0.00 loss 0.093 (0.081) @1 96.875 (97.242) ETA 0 D 0.2 H
2023-11-14 12:49:40 - INFO - best_prec1: 89.850000 ./results/int-vgg-small-7
2023-11-14 12:49:40 - INFO - Epoch: 138 Train Prec@1 97.160 Train Loss 0.084 Valid Prec@1 89.550 Valid Loss 0.429 

2023-11-14 12:49:40 - INFO - [139][  0/196] Time 0.308 (0.308) Data 0.24 loss 0.037 (0.037) @1 98.438 (98.438) ETA 0 D 1.0 H
2023-11-14 12:49:47 - INFO - [139][100/196] Time 0.065 (0.067) Data 0.00 loss 0.099 (0.079) @1 96.875 (97.262) ETA 0 D 0.2 H
2023-11-14 12:49:54 - INFO - best_prec1: 89.850000 ./results/int-vgg-small-7
2023-11-14 12:49:54 - INFO - Epoch: 139 Train Prec@1 97.256 Train Loss 0.081 Valid Prec@1 89.270 Valid Loss 0.439 

2023-11-14 12:49:54 - INFO - [140][  0/196] Time 0.311 (0.311) Data 0.24 loss 0.063 (0.063) @1 98.047 (98.047) ETA 0 D 1.0 H
2023-11-14 12:50:01 - INFO - [140][100/196] Time 0.065 (0.067) Data 0.00 loss 0.088 (0.080) @1 97.266 (97.235) ETA 0 D 0.2 H
2023-11-14 12:50:08 - INFO - best_prec1: 89.850000 ./results/int-vgg-small-7
2023-11-14 12:50:08 - INFO - Epoch: 140 Train Prec@1 97.168 Train Loss 0.081 Valid Prec@1 89.200 Valid Loss 0.431 

2023-11-14 12:50:08 - INFO - [141][  0/196] Time 0.322 (0.322) Data 0.25 loss 0.034 (0.034) @1 99.219 (99.219) ETA 0 D 1.0 H
2023-11-14 12:50:15 - INFO - [141][100/196] Time 0.065 (0.067) Data 0.00 loss 0.077 (0.076) @1 97.266 (97.355) ETA 0 D 0.2 H
2023-11-14 12:50:22 - INFO - best_prec1: 89.850000 ./results/int-vgg-small-7
2023-11-14 12:50:22 - INFO - Epoch: 141 Train Prec@1 97.248 Train Loss 0.079 Valid Prec@1 88.610 Valid Loss 0.440 

2023-11-14 12:50:23 - INFO - [142][  0/196] Time 0.302 (0.302) Data 0.23 loss 0.047 (0.047) @1 98.828 (98.828) ETA 0 D 1.0 H
2023-11-14 12:50:29 - INFO - [142][100/196] Time 0.065 (0.067) Data 0.00 loss 0.124 (0.078) @1 97.266 (97.269) ETA 0 D 0.2 H
2023-11-14 12:50:36 - INFO - best_prec1: 89.850000 ./results/int-vgg-small-7
2023-11-14 12:50:36 - INFO - Epoch: 142 Train Prec@1 97.324 Train Loss 0.077 Valid Prec@1 88.620 Valid Loss 0.471 

2023-11-14 12:50:37 - INFO - [143][  0/196] Time 0.314 (0.314) Data 0.25 loss 0.064 (0.064) @1 98.438 (98.438) ETA 0 D 1.0 H
2023-11-14 12:50:43 - INFO - [143][100/196] Time 0.065 (0.067) Data 0.00 loss 0.103 (0.081) @1 96.875 (97.242) ETA 0 D 0.2 H
2023-11-14 12:50:51 - INFO - best_prec1: 89.850000 ./results/int-vgg-small-7
2023-11-14 12:50:51 - INFO - Epoch: 143 Train Prec@1 97.252 Train Loss 0.081 Valid Prec@1 88.830 Valid Loss 0.458 

2023-11-14 12:50:51 - INFO - [144][  0/196] Time 0.323 (0.323) Data 0.25 loss 0.100 (0.100) @1 96.094 (96.094) ETA 0 D 1.0 H
2023-11-14 12:50:57 - INFO - [144][100/196] Time 0.065 (0.067) Data 0.00 loss 0.100 (0.082) @1 98.047 (97.223) ETA 0 D 0.2 H
2023-11-14 12:51:05 - INFO - best_prec1: 89.850000 ./results/int-vgg-small-7
2023-11-14 12:51:05 - INFO - Epoch: 144 Train Prec@1 97.210 Train Loss 0.082 Valid Prec@1 89.750 Valid Loss 0.426 

2023-11-14 12:51:05 - INFO - [145][  0/196] Time 0.310 (0.310) Data 0.24 loss 0.057 (0.057) @1 97.656 (97.656) ETA 0 D 0.9 H
2023-11-14 12:51:12 - INFO - [145][100/196] Time 0.065 (0.067) Data 0.00 loss 0.037 (0.072) @1 98.828 (97.544) ETA 0 D 0.2 H
2023-11-14 12:51:19 - INFO - best_prec1: 89.850000 ./results/int-vgg-small-7
2023-11-14 12:51:19 - INFO - Epoch: 145 Train Prec@1 97.386 Train Loss 0.076 Valid Prec@1 88.850 Valid Loss 0.453 

2023-11-14 12:51:19 - INFO - [146][  0/196] Time 0.300 (0.300) Data 0.23 loss 0.089 (0.089) @1 95.703 (95.703) ETA 0 D 0.9 H
2023-11-14 12:51:26 - INFO - [146][100/196] Time 0.065 (0.067) Data 0.00 loss 0.068 (0.076) @1 97.656 (97.424) ETA 0 D 0.2 H
2023-11-14 12:51:33 - INFO - best_prec1: 89.850000 ./results/int-vgg-small-7
2023-11-14 12:51:33 - INFO - Epoch: 146 Train Prec@1 97.290 Train Loss 0.079 Valid Prec@1 88.500 Valid Loss 0.459 

2023-11-14 12:51:34 - INFO - [147][  0/196] Time 0.341 (0.341) Data 0.27 loss 0.117 (0.117) @1 96.484 (96.484) ETA 0 D 1.0 H
2023-11-14 12:51:40 - INFO - [147][100/196] Time 0.065 (0.068) Data 0.00 loss 0.031 (0.076) @1 99.609 (97.405) ETA 0 D 0.2 H
2023-11-14 12:51:47 - INFO - best_prec1: 89.880000 ./results/int-vgg-small-7
2023-11-14 12:51:47 - INFO - Epoch: 147 Train Prec@1 97.342 Train Loss 0.078 Valid Prec@1 89.880 Valid Loss 0.408 

2023-11-14 12:51:48 - INFO - [148][  0/196] Time 0.306 (0.306) Data 0.24 loss 0.076 (0.076) @1 97.656 (97.656) ETA 0 D 0.9 H
2023-11-14 12:51:54 - INFO - [148][100/196] Time 0.065 (0.067) Data 0.00 loss 0.119 (0.077) @1 95.312 (97.386) ETA 0 D 0.2 H
2023-11-14 12:52:02 - INFO - best_prec1: 89.880000 ./results/int-vgg-small-7
2023-11-14 12:52:02 - INFO - Epoch: 148 Train Prec@1 97.370 Train Loss 0.079 Valid Prec@1 88.820 Valid Loss 0.468 

2023-11-14 12:52:02 - INFO - [149][  0/196] Time 0.305 (0.305) Data 0.24 loss 0.074 (0.074) @1 98.047 (98.047) ETA 0 D 0.8 H
2023-11-14 12:52:08 - INFO - [149][100/196] Time 0.065 (0.068) Data 0.00 loss 0.071 (0.075) @1 97.266 (97.463) ETA 0 D 0.2 H
2023-11-14 12:52:16 - INFO - best_prec1: 89.880000 ./results/int-vgg-small-7
2023-11-14 12:52:16 - INFO - Epoch: 149 Train Prec@1 97.370 Train Loss 0.078 Valid Prec@1 86.980 Valid Loss 0.603 

2023-11-14 12:52:16 - INFO - Change Grad Bitwidth to : 3
2023-11-14 12:52:16 - INFO - [150][  0/196] Time 0.305 (0.305) Data 0.24 loss 0.050 (0.050) @1 98.047 (98.047) ETA 0 D 0.8 H
2023-11-14 12:52:23 - INFO - [150][100/196] Time 0.065 (0.067) Data 0.00 loss 0.025 (0.043) @1 99.219 (98.472) ETA 0 D 0.2 H
2023-11-14 12:52:30 - INFO - best_prec1: 90.080000 ./results/int-vgg-small-7
2023-11-14 12:52:30 - INFO - Epoch: 150 Train Prec@1 98.476 Train Loss 0.044 Valid Prec@1 90.080 Valid Loss 0.445 

2023-11-14 12:52:31 - INFO - [151][  0/196] Time 0.309 (0.309) Data 0.24 loss 0.037 (0.037) @1 98.438 (98.438) ETA 0 D 0.8 H
2023-11-14 12:52:37 - INFO - [151][100/196] Time 0.067 (0.069) Data 0.00 loss 0.020 (0.038) @1 99.609 (98.612) ETA 0 D 0.2 H
2023-11-14 12:52:45 - INFO - best_prec1: 90.430000 ./results/int-vgg-small-7
2023-11-14 12:52:45 - INFO - Epoch: 151 Train Prec@1 98.642 Train Loss 0.039 Valid Prec@1 90.430 Valid Loss 0.456 

2023-11-14 12:52:45 - INFO - [152][  0/196] Time 0.306 (0.306) Data 0.24 loss 0.037 (0.037) @1 99.219 (99.219) ETA 0 D 0.8 H
2023-11-14 12:52:52 - INFO - [152][100/196] Time 0.068 (0.069) Data 0.00 loss 0.019 (0.034) @1 99.609 (98.859) ETA 0 D 0.2 H
2023-11-14 12:52:59 - INFO - best_prec1: 90.430000 ./results/int-vgg-small-7
2023-11-14 12:52:59 - INFO - Epoch: 152 Train Prec@1 98.838 Train Loss 0.034 Valid Prec@1 90.070 Valid Loss 0.501 

2023-11-14 12:52:59 - INFO - [153][  0/196] Time 0.305 (0.305) Data 0.23 loss 0.030 (0.030) @1 98.828 (98.828) ETA 0 D 0.8 H
2023-11-14 12:53:06 - INFO - [153][100/196] Time 0.065 (0.068) Data 0.00 loss 0.050 (0.034) @1 98.828 (98.871) ETA 0 D 0.2 H
2023-11-14 12:53:13 - INFO - best_prec1: 90.430000 ./results/int-vgg-small-7
2023-11-14 12:53:13 - INFO - Epoch: 153 Train Prec@1 98.852 Train Loss 0.035 Valid Prec@1 90.140 Valid Loss 0.489 

2023-11-14 12:53:14 - INFO - [154][  0/196] Time 0.312 (0.312) Data 0.25 loss 0.020 (0.020) @1 99.219 (99.219) ETA 0 D 0.8 H
2023-11-14 12:53:20 - INFO - [154][100/196] Time 0.065 (0.068) Data 0.00 loss 0.021 (0.034) @1 99.609 (98.905) ETA 0 D 0.2 H
2023-11-14 12:53:28 - INFO - best_prec1: 90.430000 ./results/int-vgg-small-7
2023-11-14 12:53:28 - INFO - Epoch: 154 Train Prec@1 98.868 Train Loss 0.034 Valid Prec@1 90.290 Valid Loss 0.468 

2023-11-14 12:53:28 - INFO - [155][  0/196] Time 0.304 (0.304) Data 0.23 loss 0.033 (0.033) @1 99.219 (99.219) ETA 0 D 0.7 H
2023-11-14 12:53:34 - INFO - [155][100/196] Time 0.065 (0.067) Data 0.00 loss 0.030 (0.033) @1 99.219 (98.875) ETA 0 D 0.2 H
2023-11-14 12:53:42 - INFO - best_prec1: 90.430000 ./results/int-vgg-small-7
2023-11-14 12:53:42 - INFO - Epoch: 155 Train Prec@1 98.874 Train Loss 0.033 Valid Prec@1 89.780 Valid Loss 0.537 

2023-11-14 12:53:42 - INFO - [156][  0/196] Time 0.311 (0.311) Data 0.24 loss 0.062 (0.062) @1 98.047 (98.047) ETA 0 D 0.7 H
2023-11-14 12:53:49 - INFO - [156][100/196] Time 0.065 (0.067) Data 0.00 loss 0.025 (0.036) @1 99.219 (98.789) ETA 0 D 0.2 H
2023-11-14 12:53:56 - INFO - best_prec1: 90.430000 ./results/int-vgg-small-7
2023-11-14 12:53:56 - INFO - Epoch: 156 Train Prec@1 98.804 Train Loss 0.035 Valid Prec@1 90.260 Valid Loss 0.450 

2023-11-14 12:53:56 - INFO - [157][  0/196] Time 0.306 (0.306) Data 0.24 loss 0.029 (0.029) @1 99.219 (99.219) ETA 0 D 0.7 H
2023-11-14 12:54:03 - INFO - [157][100/196] Time 0.071 (0.070) Data 0.00 loss 0.044 (0.033) @1 97.656 (98.817) ETA 0 D 0.2 H
2023-11-14 12:54:11 - INFO - best_prec1: 90.430000 ./results/int-vgg-small-7
2023-11-14 12:54:11 - INFO - Epoch: 157 Train Prec@1 98.798 Train Loss 0.034 Valid Prec@1 90.130 Valid Loss 0.519 

2023-11-14 12:54:11 - INFO - [158][  0/196] Time 0.318 (0.318) Data 0.25 loss 0.033 (0.033) @1 98.438 (98.438) ETA 0 D 0.7 H
2023-11-14 12:54:18 - INFO - [158][100/196] Time 0.065 (0.071) Data 0.00 loss 0.051 (0.031) @1 97.266 (98.987) ETA 0 D 0.2 H
2023-11-14 12:54:26 - INFO - best_prec1: 90.430000 ./results/int-vgg-small-7
2023-11-14 12:54:26 - INFO - Epoch: 158 Train Prec@1 98.922 Train Loss 0.032 Valid Prec@1 90.100 Valid Loss 0.506 

2023-11-14 12:54:26 - INFO - [159][  0/196] Time 0.306 (0.306) Data 0.24 loss 0.038 (0.038) @1 98.828 (98.828) ETA 0 D 0.7 H
2023-11-14 12:54:33 - INFO - [159][100/196] Time 0.070 (0.071) Data 0.00 loss 0.061 (0.031) @1 98.047 (98.944) ETA 0 D 0.2 H
2023-11-14 12:54:41 - INFO - best_prec1: 90.430000 ./results/int-vgg-small-7
2023-11-14 12:54:41 - INFO - Epoch: 159 Train Prec@1 98.864 Train Loss 0.033 Valid Prec@1 89.930 Valid Loss 0.524 

2023-11-14 12:54:41 - INFO - [160][  0/196] Time 0.300 (0.300) Data 0.23 loss 0.032 (0.032) @1 98.828 (98.828) ETA 0 D 0.7 H
2023-11-14 12:54:48 - INFO - [160][100/196] Time 0.065 (0.070) Data 0.00 loss 0.011 (0.032) @1 100.000 (98.921) ETA 0 D 0.2 H
2023-11-14 12:54:55 - INFO - best_prec1: 90.430000 ./results/int-vgg-small-7
2023-11-14 12:54:55 - INFO - Epoch: 160 Train Prec@1 98.886 Train Loss 0.032 Valid Prec@1 90.240 Valid Loss 0.493 

2023-11-14 12:54:56 - INFO - [161][  0/196] Time 0.310 (0.310) Data 0.24 loss 0.032 (0.032) @1 98.438 (98.438) ETA 0 D 0.7 H
2023-11-14 12:55:02 - INFO - [161][100/196] Time 0.065 (0.070) Data 0.00 loss 0.030 (0.030) @1 98.828 (98.967) ETA 0 D 0.1 H
2023-11-14 12:55:10 - INFO - best_prec1: 90.430000 ./results/int-vgg-small-7
2023-11-14 12:55:10 - INFO - Epoch: 161 Train Prec@1 98.918 Train Loss 0.032 Valid Prec@1 90.370 Valid Loss 0.508 

2023-11-14 12:55:10 - INFO - [162][  0/196] Time 0.314 (0.314) Data 0.24 loss 0.029 (0.029) @1 98.828 (98.828) ETA 0 D 0.6 H
2023-11-14 12:55:17 - INFO - [162][100/196] Time 0.068 (0.071) Data 0.00 loss 0.020 (0.033) @1 99.219 (98.878) ETA 0 D 0.1 H
2023-11-14 12:55:25 - INFO - best_prec1: 90.430000 ./results/int-vgg-small-7
2023-11-14 12:55:25 - INFO - Epoch: 162 Train Prec@1 98.934 Train Loss 0.032 Valid Prec@1 89.790 Valid Loss 0.538 

2023-11-14 12:55:25 - INFO - [163][  0/196] Time 0.305 (0.305) Data 0.24 loss 0.029 (0.029) @1 98.438 (98.438) ETA 0 D 0.6 H
2023-11-14 12:55:32 - INFO - [163][100/196] Time 0.068 (0.070) Data 0.00 loss 0.027 (0.033) @1 98.828 (98.855) ETA 0 D 0.1 H
2023-11-14 12:55:40 - INFO - best_prec1: 90.430000 ./results/int-vgg-small-7
2023-11-14 12:55:40 - INFO - Epoch: 163 Train Prec@1 98.878 Train Loss 0.032 Valid Prec@1 90.080 Valid Loss 0.527 

2023-11-14 12:55:40 - INFO - [164][  0/196] Time 0.318 (0.318) Data 0.25 loss 0.028 (0.028) @1 99.219 (99.219) ETA 0 D 0.6 H
2023-11-14 12:55:46 - INFO - [164][100/196] Time 0.065 (0.069) Data 0.00 loss 0.022 (0.031) @1 99.219 (98.979) ETA 0 D 0.1 H
2023-11-14 12:55:54 - INFO - best_prec1: 90.430000 ./results/int-vgg-small-7
2023-11-14 12:55:54 - INFO - Epoch: 164 Train Prec@1 98.928 Train Loss 0.033 Valid Prec@1 90.240 Valid Loss 0.519 

2023-11-14 12:55:54 - INFO - [165][  0/196] Time 0.306 (0.306) Data 0.23 loss 0.036 (0.036) @1 98.047 (98.047) ETA 0 D 0.6 H
2023-11-14 12:56:01 - INFO - [165][100/196] Time 0.068 (0.070) Data 0.00 loss 0.024 (0.033) @1 99.609 (98.828) ETA 0 D 0.1 H
2023-11-14 12:56:09 - INFO - best_prec1: 90.430000 ./results/int-vgg-small-7
2023-11-14 12:56:09 - INFO - Epoch: 165 Train Prec@1 98.846 Train Loss 0.033 Valid Prec@1 89.670 Valid Loss 0.544 

2023-11-14 12:56:09 - INFO - [166][  0/196] Time 0.306 (0.306) Data 0.24 loss 0.045 (0.045) @1 97.656 (97.656) ETA 0 D 0.6 H
2023-11-14 12:56:16 - INFO - [166][100/196] Time 0.065 (0.068) Data 0.00 loss 0.039 (0.030) @1 98.828 (99.018) ETA 0 D 0.1 H
2023-11-14 12:56:23 - INFO - best_prec1: 90.430000 ./results/int-vgg-small-7
2023-11-14 12:56:23 - INFO - Epoch: 166 Train Prec@1 98.988 Train Loss 0.030 Valid Prec@1 89.970 Valid Loss 0.512 

2023-11-14 12:56:24 - INFO - [167][  0/196] Time 0.308 (0.308) Data 0.24 loss 0.013 (0.013) @1 99.609 (99.609) ETA 0 D 0.6 H
2023-11-14 12:56:30 - INFO - [167][100/196] Time 0.066 (0.070) Data 0.00 loss 0.042 (0.030) @1 98.828 (98.994) ETA 0 D 0.1 H
2023-11-14 12:56:38 - INFO - best_prec1: 90.430000 ./results/int-vgg-small-7
2023-11-14 12:56:38 - INFO - Epoch: 167 Train Prec@1 98.996 Train Loss 0.030 Valid Prec@1 90.140 Valid Loss 0.516 

2023-11-14 12:56:38 - INFO - [168][  0/196] Time 0.309 (0.309) Data 0.24 loss 0.032 (0.032) @1 98.828 (98.828) ETA 0 D 0.5 H
2023-11-14 12:56:45 - INFO - [168][100/196] Time 0.069 (0.070) Data 0.00 loss 0.040 (0.030) @1 98.828 (99.018) ETA 0 D 0.1 H
2023-11-14 12:56:53 - INFO - best_prec1: 90.540000 ./results/int-vgg-small-7
2023-11-14 12:56:53 - INFO - Epoch: 168 Train Prec@1 98.964 Train Loss 0.030 Valid Prec@1 90.540 Valid Loss 0.519 

2023-11-14 12:56:53 - INFO - [169][  0/196] Time 0.319 (0.319) Data 0.25 loss 0.039 (0.039) @1 98.438 (98.438) ETA 0 D 0.5 H
2023-11-14 12:57:00 - INFO - [169][100/196] Time 0.065 (0.068) Data 0.00 loss 0.031 (0.028) @1 98.828 (99.095) ETA 0 D 0.1 H
2023-11-14 12:57:07 - INFO - best_prec1: 90.540000 ./results/int-vgg-small-7
2023-11-14 12:57:07 - INFO - Epoch: 169 Train Prec@1 99.000 Train Loss 0.030 Valid Prec@1 89.920 Valid Loss 0.494 

2023-11-14 12:57:07 - INFO - [170][  0/196] Time 0.314 (0.314) Data 0.25 loss 0.039 (0.039) @1 99.219 (99.219) ETA 0 D 0.5 H
2023-11-14 12:57:14 - INFO - [170][100/196] Time 0.065 (0.068) Data 0.00 loss 0.046 (0.030) @1 98.047 (98.979) ETA 0 D 0.1 H
2023-11-14 12:57:22 - INFO - best_prec1: 90.540000 ./results/int-vgg-small-7
2023-11-14 12:57:22 - INFO - Epoch: 170 Train Prec@1 99.004 Train Loss 0.029 Valid Prec@1 90.190 Valid Loss 0.546 

2023-11-14 12:57:22 - INFO - [171][  0/196] Time 0.311 (0.311) Data 0.24 loss 0.034 (0.034) @1 98.828 (98.828) ETA 0 D 0.5 H
2023-11-14 12:57:29 - INFO - [171][100/196] Time 0.066 (0.069) Data 0.00 loss 0.014 (0.028) @1 99.609 (98.991) ETA 0 D 0.1 H
2023-11-14 12:57:36 - INFO - best_prec1: 90.540000 ./results/int-vgg-small-7
2023-11-14 12:57:36 - INFO - Epoch: 171 Train Prec@1 98.932 Train Loss 0.030 Valid Prec@1 90.010 Valid Loss 0.514 

2023-11-14 12:57:37 - INFO - [172][  0/196] Time 0.312 (0.312) Data 0.24 loss 0.033 (0.033) @1 98.828 (98.828) ETA 0 D 0.5 H
2023-11-14 12:57:43 - INFO - [172][100/196] Time 0.065 (0.069) Data 0.00 loss 0.038 (0.029) @1 98.828 (98.960) ETA 0 D 0.1 H
2023-11-14 12:57:51 - INFO - best_prec1: 90.540000 ./results/int-vgg-small-7
2023-11-14 12:57:51 - INFO - Epoch: 172 Train Prec@1 98.920 Train Loss 0.030 Valid Prec@1 90.120 Valid Loss 0.525 

2023-11-14 12:57:51 - INFO - [173][  0/196] Time 0.320 (0.320) Data 0.25 loss 0.027 (0.027) @1 99.219 (99.219) ETA 0 D 0.5 H
2023-11-14 12:57:58 - INFO - [173][100/196] Time 0.071 (0.070) Data 0.00 loss 0.023 (0.027) @1 98.828 (99.087) ETA 0 D 0.1 H
2023-11-14 12:58:05 - INFO - best_prec1: 90.540000 ./results/int-vgg-small-7
2023-11-14 12:58:05 - INFO - Epoch: 173 Train Prec@1 99.010 Train Loss 0.029 Valid Prec@1 90.500 Valid Loss 0.489 

2023-11-14 12:58:06 - INFO - [174][  0/196] Time 0.314 (0.314) Data 0.25 loss 0.059 (0.059) @1 98.438 (98.438) ETA 0 D 0.4 H
2023-11-14 12:58:12 - INFO - [174][100/196] Time 0.076 (0.069) Data 0.00 loss 0.025 (0.030) @1 99.219 (98.991) ETA 0 D 0.1 H
2023-11-14 12:58:20 - INFO - best_prec1: 90.540000 ./results/int-vgg-small-7
2023-11-14 12:58:20 - INFO - Epoch: 174 Train Prec@1 98.994 Train Loss 0.030 Valid Prec@1 90.430 Valid Loss 0.483 

2023-11-14 12:58:20 - INFO - [175][  0/196] Time 0.315 (0.315) Data 0.24 loss 0.016 (0.016) @1 99.219 (99.219) ETA 0 D 0.4 H
2023-11-14 12:58:27 - INFO - [175][100/196] Time 0.068 (0.068) Data 0.00 loss 0.015 (0.029) @1 99.609 (99.018) ETA 0 D 0.1 H
2023-11-14 12:58:35 - INFO - best_prec1: 90.540000 ./results/int-vgg-small-7
2023-11-14 12:58:35 - INFO - Epoch: 175 Train Prec@1 98.948 Train Loss 0.031 Valid Prec@1 90.280 Valid Loss 0.518 

2023-11-14 12:58:35 - INFO - [176][  0/196] Time 0.316 (0.316) Data 0.25 loss 0.018 (0.018) @1 99.219 (99.219) ETA 0 D 0.4 H
2023-11-14 12:58:42 - INFO - [176][100/196] Time 0.064 (0.069) Data 0.00 loss 0.025 (0.030) @1 99.219 (99.029) ETA 0 D 0.1 H
2023-11-14 12:58:49 - INFO - best_prec1: 90.540000 ./results/int-vgg-small-7
2023-11-14 12:58:49 - INFO - Epoch: 176 Train Prec@1 99.066 Train Loss 0.029 Valid Prec@1 89.860 Valid Loss 0.541 

2023-11-14 12:58:49 - INFO - [177][  0/196] Time 0.310 (0.310) Data 0.24 loss 0.018 (0.018) @1 99.609 (99.609) ETA 0 D 0.4 H
2023-11-14 12:58:56 - INFO - [177][100/196] Time 0.066 (0.069) Data 0.00 loss 0.043 (0.027) @1 97.266 (99.110) ETA 0 D 0.1 H
2023-11-14 12:59:04 - INFO - best_prec1: 90.540000 ./results/int-vgg-small-7
2023-11-14 12:59:04 - INFO - Epoch: 177 Train Prec@1 99.056 Train Loss 0.028 Valid Prec@1 89.760 Valid Loss 0.524 

2023-11-14 12:59:04 - INFO - [178][  0/196] Time 0.324 (0.324) Data 0.26 loss 0.044 (0.044) @1 98.828 (98.828) ETA 0 D 0.4 H
2023-11-14 12:59:11 - INFO - [178][100/196] Time 0.070 (0.068) Data 0.00 loss 0.030 (0.025) @1 98.438 (99.037) ETA 0 D 0.1 H
2023-11-14 12:59:18 - INFO - best_prec1: 90.540000 ./results/int-vgg-small-7
2023-11-14 12:59:18 - INFO - Epoch: 178 Train Prec@1 99.012 Train Loss 0.027 Valid Prec@1 90.260 Valid Loss 0.526 

2023-11-14 12:59:18 - INFO - [179][  0/196] Time 0.320 (0.320) Data 0.25 loss 0.053 (0.053) @1 98.047 (98.047) ETA 0 D 0.4 H
2023-11-14 12:59:25 - INFO - [179][100/196] Time 0.065 (0.068) Data 0.00 loss 0.021 (0.028) @1 99.219 (99.052) ETA 0 D 0.1 H
2023-11-14 12:59:32 - INFO - best_prec1: 90.540000 ./results/int-vgg-small-7
2023-11-14 12:59:32 - INFO - Epoch: 179 Train Prec@1 99.000 Train Loss 0.029 Valid Prec@1 89.710 Valid Loss 0.577 

2023-11-14 12:59:33 - INFO - [180][  0/196] Time 0.323 (0.323) Data 0.25 loss 0.039 (0.039) @1 98.828 (98.828) ETA 0 D 0.4 H
2023-11-14 12:59:39 - INFO - [180][100/196] Time 0.065 (0.068) Data 0.00 loss 0.033 (0.030) @1 98.828 (99.010) ETA 0 D 0.1 H
2023-11-14 12:59:47 - INFO - best_prec1: 90.540000 ./results/int-vgg-small-7
2023-11-14 12:59:47 - INFO - Epoch: 180 Train Prec@1 99.038 Train Loss 0.030 Valid Prec@1 89.990 Valid Loss 0.562 

2023-11-14 12:59:47 - INFO - [181][  0/196] Time 0.318 (0.318) Data 0.25 loss 0.049 (0.049) @1 98.438 (98.438) ETA 0 D 0.3 H
2023-11-14 12:59:54 - INFO - [181][100/196] Time 0.065 (0.068) Data 0.00 loss 0.030 (0.032) @1 98.828 (98.921) ETA 0 D 0.1 H
2023-11-14 13:00:02 - INFO - best_prec1: 90.540000 ./results/int-vgg-small-7
2023-11-14 13:00:02 - INFO - Epoch: 181 Train Prec@1 98.944 Train Loss 0.031 Valid Prec@1 89.910 Valid Loss 0.508 

2023-11-14 13:00:02 - INFO - [182][  0/196] Time 0.320 (0.320) Data 0.25 loss 0.030 (0.030) @1 98.828 (98.828) ETA 0 D 0.3 H
2023-11-14 13:00:08 - INFO - [182][100/196] Time 0.065 (0.068) Data 0.00 loss 0.011 (0.030) @1 100.000 (99.002) ETA 0 D 0.1 H
2023-11-14 13:00:16 - INFO - best_prec1: 90.540000 ./results/int-vgg-small-7
2023-11-14 13:00:16 - INFO - Epoch: 182 Train Prec@1 99.046 Train Loss 0.029 Valid Prec@1 89.910 Valid Loss 0.547 

2023-11-14 13:00:17 - INFO - [183][  0/196] Time 0.326 (0.326) Data 0.25 loss 0.029 (0.029) @1 99.219 (99.219) ETA 0 D 0.3 H
2023-11-14 13:00:23 - INFO - [183][100/196] Time 0.065 (0.068) Data 0.00 loss 0.031 (0.029) @1 99.219 (99.025) ETA 0 D 0.1 H
2023-11-14 13:00:30 - INFO - best_prec1: 90.540000 ./results/int-vgg-small-7
2023-11-14 13:00:30 - INFO - Epoch: 183 Train Prec@1 99.060 Train Loss 0.028 Valid Prec@1 90.240 Valid Loss 0.562 

2023-11-14 13:00:31 - INFO - [184][  0/196] Time 0.320 (0.320) Data 0.25 loss 0.054 (0.054) @1 98.438 (98.438) ETA 0 D 0.3 H
2023-11-14 13:00:37 - INFO - [184][100/196] Time 0.065 (0.068) Data 0.00 loss 0.025 (0.028) @1 99.219 (99.056) ETA 0 D 0.1 H
2023-11-14 13:00:45 - INFO - best_prec1: 90.540000 ./results/int-vgg-small-7
2023-11-14 13:00:45 - INFO - Epoch: 184 Train Prec@1 99.036 Train Loss 0.029 Valid Prec@1 90.470 Valid Loss 0.474 

2023-11-14 13:00:45 - INFO - [185][  0/196] Time 0.312 (0.312) Data 0.24 loss 0.027 (0.027) @1 98.828 (98.828) ETA 0 D 0.3 H
2023-11-14 13:00:52 - INFO - [185][100/196] Time 0.069 (0.071) Data 0.00 loss 0.021 (0.028) @1 99.609 (99.045) ETA 0 D 0.1 H
2023-11-14 13:00:59 - INFO - best_prec1: 90.540000 ./results/int-vgg-small-7
2023-11-14 13:00:59 - INFO - Epoch: 185 Train Prec@1 99.048 Train Loss 0.028 Valid Prec@1 89.560 Valid Loss 0.591 

2023-11-14 13:01:00 - INFO - [186][  0/196] Time 0.304 (0.304) Data 0.23 loss 0.035 (0.035) @1 98.438 (98.438) ETA 0 D 0.2 H
2023-11-14 13:01:06 - INFO - [186][100/196] Time 0.069 (0.067) Data 0.00 loss 0.024 (0.029) @1 99.609 (98.971) ETA 0 D 0.0 H
2023-11-14 13:01:14 - INFO - best_prec1: 90.540000 ./results/int-vgg-small-7
2023-11-14 13:01:14 - INFO - Epoch: 186 Train Prec@1 98.984 Train Loss 0.029 Valid Prec@1 90.440 Valid Loss 0.512 

2023-11-14 13:01:14 - INFO - [187][  0/196] Time 0.314 (0.314) Data 0.25 loss 0.009 (0.009) @1 100.000 (100.000) ETA 0 D 0.2 H
2023-11-14 13:01:21 - INFO - [187][100/196] Time 0.065 (0.068) Data 0.00 loss 0.013 (0.026) @1 99.609 (99.126) ETA 0 D 0.0 H
2023-11-14 13:01:28 - INFO - best_prec1: 90.540000 ./results/int-vgg-small-7
2023-11-14 13:01:28 - INFO - Epoch: 187 Train Prec@1 99.032 Train Loss 0.028 Valid Prec@1 89.710 Valid Loss 0.552 

2023-11-14 13:01:28 - INFO - [188][  0/196] Time 0.312 (0.312) Data 0.24 loss 0.024 (0.024) @1 99.219 (99.219) ETA 0 D 0.2 H
2023-11-14 13:01:35 - INFO - [188][100/196] Time 0.065 (0.068) Data 0.00 loss 0.024 (0.027) @1 99.219 (99.080) ETA 0 D 0.0 H
2023-11-14 13:01:42 - INFO - best_prec1: 90.540000 ./results/int-vgg-small-7
2023-11-14 13:01:42 - INFO - Epoch: 188 Train Prec@1 99.086 Train Loss 0.027 Valid Prec@1 89.950 Valid Loss 0.547 

2023-11-14 13:01:43 - INFO - [189][  0/196] Time 0.319 (0.319) Data 0.25 loss 0.021 (0.021) @1 99.219 (99.219) ETA 0 D 0.2 H
2023-11-14 13:01:49 - INFO - [189][100/196] Time 0.066 (0.069) Data 0.00 loss 0.006 (0.029) @1 100.000 (99.006) ETA 0 D 0.0 H
2023-11-14 13:01:57 - INFO - best_prec1: 90.540000 ./results/int-vgg-small-7
2023-11-14 13:01:57 - INFO - Epoch: 189 Train Prec@1 99.040 Train Loss 0.029 Valid Prec@1 89.850 Valid Loss 0.569 

2023-11-14 13:01:57 - INFO - [190][  0/196] Time 0.311 (0.311) Data 0.24 loss 0.039 (0.039) @1 98.047 (98.047) ETA 0 D 0.2 H
2023-11-14 13:02:04 - INFO - [190][100/196] Time 0.065 (0.069) Data 0.00 loss 0.017 (0.029) @1 99.219 (99.022) ETA 0 D 0.0 H
2023-11-14 13:02:11 - INFO - best_prec1: 90.540000 ./results/int-vgg-small-7
2023-11-14 13:02:11 - INFO - Epoch: 190 Train Prec@1 99.016 Train Loss 0.029 Valid Prec@1 90.020 Valid Loss 0.558 

2023-11-14 13:02:12 - INFO - [191][  0/196] Time 0.306 (0.306) Data 0.24 loss 0.022 (0.022) @1 99.219 (99.219) ETA 0 D 0.1 H
2023-11-14 13:02:18 - INFO - [191][100/196] Time 0.065 (0.068) Data 0.00 loss 0.033 (0.026) @1 98.828 (99.099) ETA 0 D 0.0 H
2023-11-14 13:02:26 - INFO - best_prec1: 90.540000 ./results/int-vgg-small-7
2023-11-14 13:02:26 - INFO - Epoch: 191 Train Prec@1 99.062 Train Loss 0.027 Valid Prec@1 89.630 Valid Loss 0.585 

2023-11-14 13:02:26 - INFO - [192][  0/196] Time 0.308 (0.308) Data 0.24 loss 0.024 (0.024) @1 99.219 (99.219) ETA 0 D 0.1 H
2023-11-14 13:02:32 - INFO - [192][100/196] Time 0.069 (0.067) Data 0.00 loss 0.016 (0.027) @1 99.609 (99.188) ETA 0 D 0.0 H
2023-11-14 13:02:40 - INFO - best_prec1: 90.540000 ./results/int-vgg-small-7
2023-11-14 13:02:40 - INFO - Epoch: 192 Train Prec@1 99.186 Train Loss 0.026 Valid Prec@1 90.210 Valid Loss 0.497 

2023-11-14 13:02:40 - INFO - [193][  0/196] Time 0.300 (0.300) Data 0.23 loss 0.025 (0.025) @1 99.219 (99.219) ETA 0 D 0.1 H
2023-11-14 13:02:47 - INFO - [193][100/196] Time 0.070 (0.070) Data 0.00 loss 0.012 (0.028) @1 99.609 (99.014) ETA 0 D 0.0 H
2023-11-14 13:02:54 - INFO - best_prec1: 90.540000 ./results/int-vgg-small-7
2023-11-14 13:02:54 - INFO - Epoch: 193 Train Prec@1 99.034 Train Loss 0.028 Valid Prec@1 90.300 Valid Loss 0.506 

2023-11-14 13:02:55 - INFO - [194][  0/196] Time 0.314 (0.314) Data 0.24 loss 0.019 (0.019) @1 99.609 (99.609) ETA 0 D 0.1 H
2023-11-14 13:03:02 - INFO - [194][100/196] Time 0.068 (0.069) Data 0.00 loss 0.038 (0.029) @1 99.219 (99.033) ETA 0 D 0.0 H
2023-11-14 13:03:10 - INFO - best_prec1: 90.540000 ./results/int-vgg-small-7
2023-11-14 13:03:10 - INFO - Epoch: 194 Train Prec@1 99.046 Train Loss 0.029 Valid Prec@1 90.240 Valid Loss 0.535 

2023-11-14 13:03:10 - INFO - [195][  0/196] Time 0.315 (0.315) Data 0.24 loss 0.022 (0.022) @1 98.828 (98.828) ETA 0 D 0.1 H
2023-11-14 13:03:18 - INFO - [195][100/196] Time 0.080 (0.079) Data 0.00 loss 0.008 (0.027) @1 100.000 (99.114) ETA 0 D 0.0 H
2023-11-14 13:03:26 - INFO - best_prec1: 90.540000 ./results/int-vgg-small-7
2023-11-14 13:03:26 - INFO - Epoch: 195 Train Prec@1 99.044 Train Loss 0.028 Valid Prec@1 90.250 Valid Loss 0.533 

2023-11-14 13:03:26 - INFO - [196][  0/196] Time 0.317 (0.317) Data 0.25 loss 0.016 (0.016) @1 99.609 (99.609) ETA 0 D 0.1 H
2023-11-14 13:03:33 - INFO - [196][100/196] Time 0.077 (0.070) Data 0.00 loss 0.024 (0.025) @1 99.219 (99.138) ETA 0 D 0.0 H
2023-11-14 13:03:41 - INFO - best_prec1: 90.540000 ./results/int-vgg-small-7
2023-11-14 13:03:41 - INFO - Epoch: 196 Train Prec@1 99.092 Train Loss 0.027 Valid Prec@1 90.500 Valid Loss 0.502 

2023-11-14 13:03:41 - INFO - [197][  0/196] Time 0.312 (0.312) Data 0.24 loss 0.029 (0.029) @1 99.609 (99.609) ETA 0 D 0.1 H
2023-11-14 13:03:48 - INFO - [197][100/196] Time 0.065 (0.070) Data 0.00 loss 0.062 (0.025) @1 98.438 (99.122) ETA 0 D 0.0 H
2023-11-14 13:03:55 - INFO - best_prec1: 90.540000 ./results/int-vgg-small-7
2023-11-14 13:03:55 - INFO - Epoch: 197 Train Prec@1 99.122 Train Loss 0.026 Valid Prec@1 89.680 Valid Loss 0.593 

2023-11-14 13:03:56 - INFO - [198][  0/196] Time 0.305 (0.305) Data 0.24 loss 0.014 (0.014) @1 99.609 (99.609) ETA 0 D 0.0 H
2023-11-14 13:04:02 - INFO - [198][100/196] Time 0.066 (0.072) Data 0.00 loss 0.021 (0.028) @1 98.828 (99.091) ETA 0 D 0.0 H
2023-11-14 13:04:10 - INFO - best_prec1: 90.540000 ./results/int-vgg-small-7
2023-11-14 13:04:10 - INFO - Epoch: 198 Train Prec@1 99.070 Train Loss 0.027 Valid Prec@1 90.340 Valid Loss 0.573 

2023-11-14 13:04:11 - INFO - [199][  0/196] Time 0.302 (0.302) Data 0.23 loss 0.026 (0.026) @1 98.828 (98.828) ETA 0 D 0.0 H
2023-11-14 13:04:17 - INFO - [199][100/196] Time 0.065 (0.070) Data 0.00 loss 0.022 (0.026) @1 99.609 (99.083) ETA 0 D 0.0 H
2023-11-14 13:04:25 - INFO - best_prec1: 90.540000 ./results/int-vgg-small-7
2023-11-14 13:04:25 - INFO - Epoch: 199 Train Prec@1 99.056 Train Loss 0.027 Valid Prec@1 89.990 Valid Loss 0.559 

